SF:/Users/marcin.skalski@konghq.com/sideprojects/whisper-hotkey/src/audio/capture.rs
FN:325,_RNvMs_NtNtCs6sszmBaHWoq_14whisper_hotkey5audio7captureNtB4_12AudioCapture14save_wav_debug
FN:169,_RNvMs_NtNtCs6sszmBaHWoq_14whisper_hotkey5audio7captureNtB4_12AudioCapture14stop_recording
FN:143,_RNvMs_NtNtCs6sszmBaHWoq_14whisper_hotkey5audio7captureNtB4_12AudioCapture15start_recording
FN:213,_RNvMs_NtNtCs6sszmBaHWoq_14whisper_hotkey5audio7captureNtB4_12AudioCapture21convert_to_16khz_mono
FN:58,_RNvMs_NtNtCs6sszmBaHWoq_14whisper_hotkey5audio7captureNtB4_12AudioCapture3new
FN:29,_RNvXNtNtCs6sszmBaHWoq_14whisper_hotkey5audio7captureNtB2_17CpalStreamControlNtB2_13StreamControl4play
FN:33,_RNvXNtNtCs6sszmBaHWoq_14whisper_hotkey5audio7captureNtB2_17CpalStreamControlNtB2_13StreamControl5pause
FN:228,_RNCNCNvMs_NtNtCs6sszmBaHWoq_14whisper_hotkey5audio7captureNtB8_12AudioCapture21convert_to_16khz_mono00Bc_
FN:227,_RNCNvMs_NtNtCs6sszmBaHWoq_14whisper_hotkey5audio7captureNtB6_12AudioCapture21convert_to_16khz_mono0Ba_
FN:67,_RNCNvMs_NtNtCs6sszmBaHWoq_14whisper_hotkey5audio7captureNtB6_12AudioCapture3new0Ba_
FN:114,_RNCNvMs_NtNtCs6sszmBaHWoq_14whisper_hotkey5audio7captureNtB6_12AudioCapture3news0_0Ba_
FN:105,_RNCNvMs_NtNtCs6sszmBaHWoq_14whisper_hotkey5audio7captureNtB6_12AudioCapture3news_0Ba_
FN:383,_RNvNtNtNtCsk8CzJajUs6E_14whisper_hotkey5audio7capture5tests18mock_audio_capture
FN:481,_RNvNtNtNtCsk8CzJajUs6E_14whisper_hotkey5audio7capture5testss_18test_empty_samples
FN:532,_RNvNtNtNtCsk8CzJajUs6E_14whisper_hotkey5audio7capture5testss_19test_wav_debug_spec
FN:491,_RNvNtNtNtCsk8CzJajUs6E_14whisper_hotkey5audio7capture5testss_23test_single_sample_mono
FN:459,_RNvNtNtNtCsk8CzJajUs6E_14whisper_hotkey5audio7capture5testss_24test_stereo_downsampling
FN:761,_RNvNtNtNtCsk8CzJajUs6E_14whisper_hotkey5audio7capture5testss_24test_stream_pause_resume
FN:703,_RNvNtNtNtCsk8CzJajUs6E_14whisper_hotkey5audio7capture5testss_25test_ring_buffer_clearing
FN:657,_RNvNtNtNtCsk8CzJajUs6E_14whisper_hotkey5audio7capture5testss_25test_start_stop_recording
FN:502,_RNvNtNtNtCsk8CzJajUs6E_14whisper_hotkey5audio7capture5testss_28test_multichannel_conversion
FN:909,_RNvNtNtNtCsk8CzJajUs6E_14whisper_hotkey5audio7capture5testss_29test_empty_samples_resampling
FN:440,_RNvNtNtNtCsk8CzJajUs6E_14whisper_hotkey5audio7capture5testss_29test_upsampling_8khz_to_16khz
FN:685,_RNvNtNtNtCsk8CzJajUs6E_14whisper_hotkey5audio7capture5testss_30test_multiple_recording_cycles
FN:394,_RNvNtNtNtCsk8CzJajUs6E_14whisper_hotkey5audio7capture5testss_30test_stereo_to_mono_conversion
FN:422,_RNvNtNtNtCsk8CzJajUs6E_14whisper_hotkey5audio7capture5testss_32test_downsampling_48khz_to_16khz
FN:517,_RNvNtNtNtCsk8CzJajUs6E_14whisper_hotkey5audio7capture5testss_32test_resampling_preserves_bounds
FN:728,_RNvNtNtNtCsk8CzJajUs6E_14whisper_hotkey5audio7capture5testss_32test_stream_control_pause_resume
FN:638,_RNvNtNtNtCsk8CzJajUs6E_14whisper_hotkey5audio7capture5testss_33test_audio_capture_initialization
FN:567,_RNvNtNtNtCsk8CzJajUs6E_14whisper_hotkey5audio7capture5testss_33test_save_wav_debug_empty_samples
FN:410,_RNvNtNtNtCsk8CzJajUs6E_14whisper_hotkey5audio7capture5testss_35test_mono_passthrough_no_resampling
FN:816,_RNvNtNtNtCsk8CzJajUs6E_14whisper_hotkey5audio7capture5testss_36test_resampling_ratio_44100_to_16000
FN:832,_RNvNtNtNtCsk8CzJajUs6E_14whisper_hotkey5audio7capture5testss_36test_resampling_ratio_48000_to_16000
FN:585,_RNvNtNtNtCsk8CzJajUs6E_14whisper_hotkey5audio7capture5testss_38test_save_wav_debug_creates_parent_dir
FN:893,_RNvNtNtNtCsk8CzJajUs6E_14whisper_hotkey5audio7capture5testss_39test_stereo_to_mono_maintains_amplitude
FN:872,_RNvNtNtNtCsk8CzJajUs6E_14whisper_hotkey5audio7capture5testss_40test_convert_to_16khz_mono_large_samples
FN:801,_RNvNtNtNtCsk8CzJajUs6E_14whisper_hotkey5audio7capture5testss_40test_convert_to_16khz_mono_with_infinity
FN:786,_RNvNtNtNtCsk8CzJajUs6E_14whisper_hotkey5audio7capture5testss_43test_convert_to_16khz_mono_with_nan_samples
FN:846,_RNvNtNtNtCsk8CzJajUs6E_14whisper_hotkey5audio7capture5testss_44test_save_wav_debug_creates_nested_directory
FN:606,_RNvNtNtNtCsk8CzJajUs6E_14whisper_hotkey5audio7capture5testss_44test_upsampling_maintains_sample_count_ratio
FN:621,_RNvNtNtNtCsk8CzJajUs6E_14whisper_hotkey5audio7capture5testss_46test_downsampling_maintains_sample_count_ratio
FN:371,_RNvXNtNtNtCsk8CzJajUs6E_14whisper_hotkey5audio7capture5testsNtB2_17MockStreamControlNtB4_13StreamControl4play
FN:376,_RNvXNtNtNtCsk8CzJajUs6E_14whisper_hotkey5audio7capture5testsNtB2_17MockStreamControlNtB4_13StreamControl5pause
FN:325,_RNvMs_NtNtCsk8CzJajUs6E_14whisper_hotkey5audio7captureNtB4_12AudioCapture14save_wav_debug
FN:169,_RNvMs_NtNtCsk8CzJajUs6E_14whisper_hotkey5audio7captureNtB4_12AudioCapture14stop_recording
FN:143,_RNvMs_NtNtCsk8CzJajUs6E_14whisper_hotkey5audio7captureNtB4_12AudioCapture15start_recording
FN:213,_RNvMs_NtNtCsk8CzJajUs6E_14whisper_hotkey5audio7captureNtB4_12AudioCapture21convert_to_16khz_mono
FN:58,_RNvMs_NtNtCsk8CzJajUs6E_14whisper_hotkey5audio7captureNtB4_12AudioCapture3new
FN:29,_RNvXNtNtCsk8CzJajUs6E_14whisper_hotkey5audio7captureNtB2_17CpalStreamControlNtB2_13StreamControl4play
FN:33,_RNvXNtNtCsk8CzJajUs6E_14whisper_hotkey5audio7captureNtB2_17CpalStreamControlNtB2_13StreamControl5pause
FN:228,_RNCNCNvMs_NtNtCsk8CzJajUs6E_14whisper_hotkey5audio7captureNtB8_12AudioCapture21convert_to_16khz_mono00Bc_
FN:227,_RNCNvMs_NtNtCsk8CzJajUs6E_14whisper_hotkey5audio7captureNtB6_12AudioCapture21convert_to_16khz_mono0Ba_
FN:67,_RNCNvMs_NtNtCsk8CzJajUs6E_14whisper_hotkey5audio7captureNtB6_12AudioCapture3new0Ba_
FN:114,_RNCNvMs_NtNtCsk8CzJajUs6E_14whisper_hotkey5audio7captureNtB6_12AudioCapture3news0_0Ba_
FN:105,_RNCNvMs_NtNtCsk8CzJajUs6E_14whisper_hotkey5audio7captureNtB6_12AudioCapture3news_0Ba_
FN:228,_RNCNCNvMs_NtNtCs5geUDWTBgK1_14whisper_hotkey5audio7captureNtB8_12AudioCapture21convert_to_16khz_mono00Bc_
FN:227,_RNCNvMs_NtNtCs5geUDWTBgK1_14whisper_hotkey5audio7captureNtB6_12AudioCapture21convert_to_16khz_mono0Ba_
FN:67,_RNCNvMs_NtNtCs5geUDWTBgK1_14whisper_hotkey5audio7captureNtB6_12AudioCapture3new0Ba_
FN:114,_RNCNvMs_NtNtCs5geUDWTBgK1_14whisper_hotkey5audio7captureNtB6_12AudioCapture3news0_0Ba_
FN:105,_RNCNvMs_NtNtCs5geUDWTBgK1_14whisper_hotkey5audio7captureNtB6_12AudioCapture3news_0Ba_
FN:325,_RNvMs_NtNtCs5geUDWTBgK1_14whisper_hotkey5audio7captureNtB4_12AudioCapture14save_wav_debug
FN:169,_RNvMs_NtNtCs5geUDWTBgK1_14whisper_hotkey5audio7captureNtB4_12AudioCapture14stop_recording
FN:143,_RNvMs_NtNtCs5geUDWTBgK1_14whisper_hotkey5audio7captureNtB4_12AudioCapture15start_recording
FN:213,_RNvMs_NtNtCs5geUDWTBgK1_14whisper_hotkey5audio7captureNtB4_12AudioCapture21convert_to_16khz_mono
FN:58,_RNvMs_NtNtCs5geUDWTBgK1_14whisper_hotkey5audio7captureNtB4_12AudioCapture3new
FN:29,_RNvXNtNtCs5geUDWTBgK1_14whisper_hotkey5audio7captureNtB2_17CpalStreamControlNtB2_13StreamControl4play
FN:33,_RNvXNtNtCs5geUDWTBgK1_14whisper_hotkey5audio7captureNtB2_17CpalStreamControlNtB2_13StreamControl5pause
FN:325,_RNvMs_NtNtCs9i5LKM2uyYZ_14whisper_hotkey5audio7captureNtB4_12AudioCapture14save_wav_debug
FN:169,_RNvMs_NtNtCs9i5LKM2uyYZ_14whisper_hotkey5audio7captureNtB4_12AudioCapture14stop_recording
FN:143,_RNvMs_NtNtCs9i5LKM2uyYZ_14whisper_hotkey5audio7captureNtB4_12AudioCapture15start_recording
FN:213,_RNvMs_NtNtCs9i5LKM2uyYZ_14whisper_hotkey5audio7captureNtB4_12AudioCapture21convert_to_16khz_mono
FN:58,_RNvMs_NtNtCs9i5LKM2uyYZ_14whisper_hotkey5audio7captureNtB4_12AudioCapture3new
FN:29,_RNvXNtNtCs9i5LKM2uyYZ_14whisper_hotkey5audio7captureNtB2_17CpalStreamControlNtB2_13StreamControl4play
FN:33,_RNvXNtNtCs9i5LKM2uyYZ_14whisper_hotkey5audio7captureNtB2_17CpalStreamControlNtB2_13StreamControl5pause
FN:383,_RNvNtNtNtCs9i5LKM2uyYZ_14whisper_hotkey5audio7capture5tests18mock_audio_capture
FN:481,_RNvNtNtNtCs9i5LKM2uyYZ_14whisper_hotkey5audio7capture5testss_18test_empty_samples
FN:532,_RNvNtNtNtCs9i5LKM2uyYZ_14whisper_hotkey5audio7capture5testss_19test_wav_debug_spec
FN:491,_RNvNtNtNtCs9i5LKM2uyYZ_14whisper_hotkey5audio7capture5testss_23test_single_sample_mono
FN:459,_RNvNtNtNtCs9i5LKM2uyYZ_14whisper_hotkey5audio7capture5testss_24test_stereo_downsampling
FN:761,_RNvNtNtNtCs9i5LKM2uyYZ_14whisper_hotkey5audio7capture5testss_24test_stream_pause_resume
FN:703,_RNvNtNtNtCs9i5LKM2uyYZ_14whisper_hotkey5audio7capture5testss_25test_ring_buffer_clearing
FN:657,_RNvNtNtNtCs9i5LKM2uyYZ_14whisper_hotkey5audio7capture5testss_25test_start_stop_recording
FN:502,_RNvNtNtNtCs9i5LKM2uyYZ_14whisper_hotkey5audio7capture5testss_28test_multichannel_conversion
FN:909,_RNvNtNtNtCs9i5LKM2uyYZ_14whisper_hotkey5audio7capture5testss_29test_empty_samples_resampling
FN:440,_RNvNtNtNtCs9i5LKM2uyYZ_14whisper_hotkey5audio7capture5testss_29test_upsampling_8khz_to_16khz
FN:685,_RNvNtNtNtCs9i5LKM2uyYZ_14whisper_hotkey5audio7capture5testss_30test_multiple_recording_cycles
FN:394,_RNvNtNtNtCs9i5LKM2uyYZ_14whisper_hotkey5audio7capture5testss_30test_stereo_to_mono_conversion
FN:422,_RNvNtNtNtCs9i5LKM2uyYZ_14whisper_hotkey5audio7capture5testss_32test_downsampling_48khz_to_16khz
FN:517,_RNvNtNtNtCs9i5LKM2uyYZ_14whisper_hotkey5audio7capture5testss_32test_resampling_preserves_bounds
FN:728,_RNvNtNtNtCs9i5LKM2uyYZ_14whisper_hotkey5audio7capture5testss_32test_stream_control_pause_resume
FN:638,_RNvNtNtNtCs9i5LKM2uyYZ_14whisper_hotkey5audio7capture5testss_33test_audio_capture_initialization
FN:567,_RNvNtNtNtCs9i5LKM2uyYZ_14whisper_hotkey5audio7capture5testss_33test_save_wav_debug_empty_samples
FN:410,_RNvNtNtNtCs9i5LKM2uyYZ_14whisper_hotkey5audio7capture5testss_35test_mono_passthrough_no_resampling
FN:816,_RNvNtNtNtCs9i5LKM2uyYZ_14whisper_hotkey5audio7capture5testss_36test_resampling_ratio_44100_to_16000
FN:832,_RNvNtNtNtCs9i5LKM2uyYZ_14whisper_hotkey5audio7capture5testss_36test_resampling_ratio_48000_to_16000
FN:585,_RNvNtNtNtCs9i5LKM2uyYZ_14whisper_hotkey5audio7capture5testss_38test_save_wav_debug_creates_parent_dir
FN:893,_RNvNtNtNtCs9i5LKM2uyYZ_14whisper_hotkey5audio7capture5testss_39test_stereo_to_mono_maintains_amplitude
FN:872,_RNvNtNtNtCs9i5LKM2uyYZ_14whisper_hotkey5audio7capture5testss_40test_convert_to_16khz_mono_large_samples
FN:801,_RNvNtNtNtCs9i5LKM2uyYZ_14whisper_hotkey5audio7capture5testss_40test_convert_to_16khz_mono_with_infinity
FN:786,_RNvNtNtNtCs9i5LKM2uyYZ_14whisper_hotkey5audio7capture5testss_43test_convert_to_16khz_mono_with_nan_samples
FN:846,_RNvNtNtNtCs9i5LKM2uyYZ_14whisper_hotkey5audio7capture5testss_44test_save_wav_debug_creates_nested_directory
FN:606,_RNvNtNtNtCs9i5LKM2uyYZ_14whisper_hotkey5audio7capture5testss_44test_upsampling_maintains_sample_count_ratio
FN:621,_RNvNtNtNtCs9i5LKM2uyYZ_14whisper_hotkey5audio7capture5testss_46test_downsampling_maintains_sample_count_ratio
FN:371,_RNvXNtNtNtCs9i5LKM2uyYZ_14whisper_hotkey5audio7capture5testsNtB2_17MockStreamControlNtB4_13StreamControl4play
FN:376,_RNvXNtNtNtCs9i5LKM2uyYZ_14whisper_hotkey5audio7capture5testsNtB2_17MockStreamControlNtB4_13StreamControl5pause
FN:228,_RNCNCNvMs_NtNtCs9i5LKM2uyYZ_14whisper_hotkey5audio7captureNtB8_12AudioCapture21convert_to_16khz_mono00Bc_
FN:227,_RNCNvMs_NtNtCs9i5LKM2uyYZ_14whisper_hotkey5audio7captureNtB6_12AudioCapture21convert_to_16khz_mono0Ba_
FN:67,_RNCNvMs_NtNtCs9i5LKM2uyYZ_14whisper_hotkey5audio7captureNtB6_12AudioCapture3new0Ba_
FN:114,_RNCNvMs_NtNtCs9i5LKM2uyYZ_14whisper_hotkey5audio7captureNtB6_12AudioCapture3news0_0Ba_
FN:105,_RNCNvMs_NtNtCs9i5LKM2uyYZ_14whisper_hotkey5audio7captureNtB6_12AudioCapture3news_0Ba_
FNDA:0,_RNvMs_NtNtCs6sszmBaHWoq_14whisper_hotkey5audio7captureNtB4_12AudioCapture14save_wav_debug
FNDA:0,_RNvMs_NtNtCs6sszmBaHWoq_14whisper_hotkey5audio7captureNtB4_12AudioCapture14stop_recording
FNDA:0,_RNvMs_NtNtCs6sszmBaHWoq_14whisper_hotkey5audio7captureNtB4_12AudioCapture15start_recording
FNDA:0,_RNvMs_NtNtCs6sszmBaHWoq_14whisper_hotkey5audio7captureNtB4_12AudioCapture21convert_to_16khz_mono
FNDA:0,_RNvMs_NtNtCs6sszmBaHWoq_14whisper_hotkey5audio7captureNtB4_12AudioCapture3new
FNDA:0,_RNvXNtNtCs6sszmBaHWoq_14whisper_hotkey5audio7captureNtB2_17CpalStreamControlNtB2_13StreamControl4play
FNDA:0,_RNvXNtNtCs6sszmBaHWoq_14whisper_hotkey5audio7captureNtB2_17CpalStreamControlNtB2_13StreamControl5pause
FNDA:0,_RNCNCNvMs_NtNtCs6sszmBaHWoq_14whisper_hotkey5audio7captureNtB8_12AudioCapture21convert_to_16khz_mono00Bc_
FNDA:0,_RNCNvMs_NtNtCs6sszmBaHWoq_14whisper_hotkey5audio7captureNtB6_12AudioCapture21convert_to_16khz_mono0Ba_
FNDA:0,_RNCNvMs_NtNtCs6sszmBaHWoq_14whisper_hotkey5audio7captureNtB6_12AudioCapture3new0Ba_
FNDA:0,_RNCNvMs_NtNtCs6sszmBaHWoq_14whisper_hotkey5audio7captureNtB6_12AudioCapture3news0_0Ba_
FNDA:0,_RNCNvMs_NtNtCs6sszmBaHWoq_14whisper_hotkey5audio7captureNtB6_12AudioCapture3news_0Ba_
FNDA:18,_RNvNtNtNtCsk8CzJajUs6E_14whisper_hotkey5audio7capture5tests18mock_audio_capture
FNDA:1,_RNvNtNtNtCsk8CzJajUs6E_14whisper_hotkey5audio7capture5testss_18test_empty_samples
FNDA:1,_RNvNtNtNtCsk8CzJajUs6E_14whisper_hotkey5audio7capture5testss_19test_wav_debug_spec
FNDA:1,_RNvNtNtNtCsk8CzJajUs6E_14whisper_hotkey5audio7capture5testss_23test_single_sample_mono
FNDA:1,_RNvNtNtNtCsk8CzJajUs6E_14whisper_hotkey5audio7capture5testss_24test_stereo_downsampling
FNDA:0,_RNvNtNtNtCsk8CzJajUs6E_14whisper_hotkey5audio7capture5testss_24test_stream_pause_resume
FNDA:0,_RNvNtNtNtCsk8CzJajUs6E_14whisper_hotkey5audio7capture5testss_25test_ring_buffer_clearing
FNDA:0,_RNvNtNtNtCsk8CzJajUs6E_14whisper_hotkey5audio7capture5testss_25test_start_stop_recording
FNDA:1,_RNvNtNtNtCsk8CzJajUs6E_14whisper_hotkey5audio7capture5testss_28test_multichannel_conversion
FNDA:1,_RNvNtNtNtCsk8CzJajUs6E_14whisper_hotkey5audio7capture5testss_29test_empty_samples_resampling
FNDA:1,_RNvNtNtNtCsk8CzJajUs6E_14whisper_hotkey5audio7capture5testss_29test_upsampling_8khz_to_16khz
FNDA:0,_RNvNtNtNtCsk8CzJajUs6E_14whisper_hotkey5audio7capture5testss_30test_multiple_recording_cycles
FNDA:1,_RNvNtNtNtCsk8CzJajUs6E_14whisper_hotkey5audio7capture5testss_30test_stereo_to_mono_conversion
FNDA:1,_RNvNtNtNtCsk8CzJajUs6E_14whisper_hotkey5audio7capture5testss_32test_downsampling_48khz_to_16khz
FNDA:1,_RNvNtNtNtCsk8CzJajUs6E_14whisper_hotkey5audio7capture5testss_32test_resampling_preserves_bounds
FNDA:1,_RNvNtNtNtCsk8CzJajUs6E_14whisper_hotkey5audio7capture5testss_32test_stream_control_pause_resume
FNDA:0,_RNvNtNtNtCsk8CzJajUs6E_14whisper_hotkey5audio7capture5testss_33test_audio_capture_initialization
FNDA:1,_RNvNtNtNtCsk8CzJajUs6E_14whisper_hotkey5audio7capture5testss_33test_save_wav_debug_empty_samples
FNDA:1,_RNvNtNtNtCsk8CzJajUs6E_14whisper_hotkey5audio7capture5testss_35test_mono_passthrough_no_resampling
FNDA:1,_RNvNtNtNtCsk8CzJajUs6E_14whisper_hotkey5audio7capture5testss_36test_resampling_ratio_44100_to_16000
FNDA:1,_RNvNtNtNtCsk8CzJajUs6E_14whisper_hotkey5audio7capture5testss_36test_resampling_ratio_48000_to_16000
FNDA:1,_RNvNtNtNtCsk8CzJajUs6E_14whisper_hotkey5audio7capture5testss_38test_save_wav_debug_creates_parent_dir
FNDA:1,_RNvNtNtNtCsk8CzJajUs6E_14whisper_hotkey5audio7capture5testss_39test_stereo_to_mono_maintains_amplitude
FNDA:1,_RNvNtNtNtCsk8CzJajUs6E_14whisper_hotkey5audio7capture5testss_40test_convert_to_16khz_mono_large_samples
FNDA:1,_RNvNtNtNtCsk8CzJajUs6E_14whisper_hotkey5audio7capture5testss_40test_convert_to_16khz_mono_with_infinity
FNDA:1,_RNvNtNtNtCsk8CzJajUs6E_14whisper_hotkey5audio7capture5testss_43test_convert_to_16khz_mono_with_nan_samples
FNDA:1,_RNvNtNtNtCsk8CzJajUs6E_14whisper_hotkey5audio7capture5testss_44test_save_wav_debug_creates_nested_directory
FNDA:1,_RNvNtNtNtCsk8CzJajUs6E_14whisper_hotkey5audio7capture5testss_44test_upsampling_maintains_sample_count_ratio
FNDA:1,_RNvNtNtNtCsk8CzJajUs6E_14whisper_hotkey5audio7capture5testss_46test_downsampling_maintains_sample_count_ratio
FNDA:1,_RNvXNtNtNtCsk8CzJajUs6E_14whisper_hotkey5audio7capture5testsNtB2_17MockStreamControlNtB4_13StreamControl4play
FNDA:2,_RNvXNtNtNtCsk8CzJajUs6E_14whisper_hotkey5audio7capture5testsNtB2_17MockStreamControlNtB4_13StreamControl5pause
FNDA:4,_RNvMs_NtNtCsk8CzJajUs6E_14whisper_hotkey5audio7captureNtB4_12AudioCapture14save_wav_debug
FNDA:1,_RNvMs_NtNtCsk8CzJajUs6E_14whisper_hotkey5audio7captureNtB4_12AudioCapture14stop_recording
FNDA:1,_RNvMs_NtNtCsk8CzJajUs6E_14whisper_hotkey5audio7captureNtB4_12AudioCapture15start_recording
FNDA:19,_RNvMs_NtNtCsk8CzJajUs6E_14whisper_hotkey5audio7captureNtB4_12AudioCapture21convert_to_16khz_mono
FNDA:0,_RNvMs_NtNtCsk8CzJajUs6E_14whisper_hotkey5audio7captureNtB4_12AudioCapture3new
FNDA:0,_RNvXNtNtCsk8CzJajUs6E_14whisper_hotkey5audio7captureNtB2_17CpalStreamControlNtB2_13StreamControl4play
FNDA:0,_RNvXNtNtCsk8CzJajUs6E_14whisper_hotkey5audio7captureNtB2_17CpalStreamControlNtB2_13StreamControl5pause
FNDA:882040,_RNCNCNvMs_NtNtCsk8CzJajUs6E_14whisper_hotkey5audio7captureNtB8_12AudioCapture21convert_to_16khz_mono00Bc_
FNDA:441018,_RNCNvMs_NtNtCsk8CzJajUs6E_14whisper_hotkey5audio7captureNtB6_12AudioCapture21convert_to_16khz_mono0Ba_
FNDA:0,_RNCNvMs_NtNtCsk8CzJajUs6E_14whisper_hotkey5audio7captureNtB6_12AudioCapture3new0Ba_
FNDA:0,_RNCNvMs_NtNtCsk8CzJajUs6E_14whisper_hotkey5audio7captureNtB6_12AudioCapture3news0_0Ba_
FNDA:0,_RNCNvMs_NtNtCsk8CzJajUs6E_14whisper_hotkey5audio7captureNtB6_12AudioCapture3news_0Ba_
FNDA:0,_RNCNCNvMs_NtNtCs5geUDWTBgK1_14whisper_hotkey5audio7captureNtB8_12AudioCapture21convert_to_16khz_mono00Bc_
FNDA:0,_RNCNvMs_NtNtCs5geUDWTBgK1_14whisper_hotkey5audio7captureNtB6_12AudioCapture21convert_to_16khz_mono0Ba_
FNDA:0,_RNCNvMs_NtNtCs5geUDWTBgK1_14whisper_hotkey5audio7captureNtB6_12AudioCapture3new0Ba_
FNDA:0,_RNCNvMs_NtNtCs5geUDWTBgK1_14whisper_hotkey5audio7captureNtB6_12AudioCapture3news0_0Ba_
FNDA:0,_RNCNvMs_NtNtCs5geUDWTBgK1_14whisper_hotkey5audio7captureNtB6_12AudioCapture3news_0Ba_
FNDA:0,_RNvMs_NtNtCs5geUDWTBgK1_14whisper_hotkey5audio7captureNtB4_12AudioCapture14save_wav_debug
FNDA:0,_RNvMs_NtNtCs5geUDWTBgK1_14whisper_hotkey5audio7captureNtB4_12AudioCapture14stop_recording
FNDA:0,_RNvMs_NtNtCs5geUDWTBgK1_14whisper_hotkey5audio7captureNtB4_12AudioCapture15start_recording
FNDA:0,_RNvMs_NtNtCs5geUDWTBgK1_14whisper_hotkey5audio7captureNtB4_12AudioCapture21convert_to_16khz_mono
FNDA:0,_RNvMs_NtNtCs5geUDWTBgK1_14whisper_hotkey5audio7captureNtB4_12AudioCapture3new
FNDA:0,_RNvXNtNtCs5geUDWTBgK1_14whisper_hotkey5audio7captureNtB2_17CpalStreamControlNtB2_13StreamControl4play
FNDA:0,_RNvXNtNtCs5geUDWTBgK1_14whisper_hotkey5audio7captureNtB2_17CpalStreamControlNtB2_13StreamControl5pause
FNDA:4,_RNvMs_NtNtCs9i5LKM2uyYZ_14whisper_hotkey5audio7captureNtB4_12AudioCapture14save_wav_debug
FNDA:1,_RNvMs_NtNtCs9i5LKM2uyYZ_14whisper_hotkey5audio7captureNtB4_12AudioCapture14stop_recording
FNDA:1,_RNvMs_NtNtCs9i5LKM2uyYZ_14whisper_hotkey5audio7captureNtB4_12AudioCapture15start_recording
FNDA:19,_RNvMs_NtNtCs9i5LKM2uyYZ_14whisper_hotkey5audio7captureNtB4_12AudioCapture21convert_to_16khz_mono
FNDA:0,_RNvMs_NtNtCs9i5LKM2uyYZ_14whisper_hotkey5audio7captureNtB4_12AudioCapture3new
FNDA:0,_RNvXNtNtCs9i5LKM2uyYZ_14whisper_hotkey5audio7captureNtB2_17CpalStreamControlNtB2_13StreamControl4play
FNDA:0,_RNvXNtNtCs9i5LKM2uyYZ_14whisper_hotkey5audio7captureNtB2_17CpalStreamControlNtB2_13StreamControl5pause
FNDA:18,_RNvNtNtNtCs9i5LKM2uyYZ_14whisper_hotkey5audio7capture5tests18mock_audio_capture
FNDA:1,_RNvNtNtNtCs9i5LKM2uyYZ_14whisper_hotkey5audio7capture5testss_18test_empty_samples
FNDA:1,_RNvNtNtNtCs9i5LKM2uyYZ_14whisper_hotkey5audio7capture5testss_19test_wav_debug_spec
FNDA:1,_RNvNtNtNtCs9i5LKM2uyYZ_14whisper_hotkey5audio7capture5testss_23test_single_sample_mono
FNDA:1,_RNvNtNtNtCs9i5LKM2uyYZ_14whisper_hotkey5audio7capture5testss_24test_stereo_downsampling
FNDA:0,_RNvNtNtNtCs9i5LKM2uyYZ_14whisper_hotkey5audio7capture5testss_24test_stream_pause_resume
FNDA:0,_RNvNtNtNtCs9i5LKM2uyYZ_14whisper_hotkey5audio7capture5testss_25test_ring_buffer_clearing
FNDA:0,_RNvNtNtNtCs9i5LKM2uyYZ_14whisper_hotkey5audio7capture5testss_25test_start_stop_recording
FNDA:1,_RNvNtNtNtCs9i5LKM2uyYZ_14whisper_hotkey5audio7capture5testss_28test_multichannel_conversion
FNDA:1,_RNvNtNtNtCs9i5LKM2uyYZ_14whisper_hotkey5audio7capture5testss_29test_empty_samples_resampling
FNDA:1,_RNvNtNtNtCs9i5LKM2uyYZ_14whisper_hotkey5audio7capture5testss_29test_upsampling_8khz_to_16khz
FNDA:0,_RNvNtNtNtCs9i5LKM2uyYZ_14whisper_hotkey5audio7capture5testss_30test_multiple_recording_cycles
FNDA:1,_RNvNtNtNtCs9i5LKM2uyYZ_14whisper_hotkey5audio7capture5testss_30test_stereo_to_mono_conversion
FNDA:1,_RNvNtNtNtCs9i5LKM2uyYZ_14whisper_hotkey5audio7capture5testss_32test_downsampling_48khz_to_16khz
FNDA:1,_RNvNtNtNtCs9i5LKM2uyYZ_14whisper_hotkey5audio7capture5testss_32test_resampling_preserves_bounds
FNDA:1,_RNvNtNtNtCs9i5LKM2uyYZ_14whisper_hotkey5audio7capture5testss_32test_stream_control_pause_resume
FNDA:0,_RNvNtNtNtCs9i5LKM2uyYZ_14whisper_hotkey5audio7capture5testss_33test_audio_capture_initialization
FNDA:1,_RNvNtNtNtCs9i5LKM2uyYZ_14whisper_hotkey5audio7capture5testss_33test_save_wav_debug_empty_samples
FNDA:1,_RNvNtNtNtCs9i5LKM2uyYZ_14whisper_hotkey5audio7capture5testss_35test_mono_passthrough_no_resampling
FNDA:1,_RNvNtNtNtCs9i5LKM2uyYZ_14whisper_hotkey5audio7capture5testss_36test_resampling_ratio_44100_to_16000
FNDA:1,_RNvNtNtNtCs9i5LKM2uyYZ_14whisper_hotkey5audio7capture5testss_36test_resampling_ratio_48000_to_16000
FNDA:1,_RNvNtNtNtCs9i5LKM2uyYZ_14whisper_hotkey5audio7capture5testss_38test_save_wav_debug_creates_parent_dir
FNDA:1,_RNvNtNtNtCs9i5LKM2uyYZ_14whisper_hotkey5audio7capture5testss_39test_stereo_to_mono_maintains_amplitude
FNDA:1,_RNvNtNtNtCs9i5LKM2uyYZ_14whisper_hotkey5audio7capture5testss_40test_convert_to_16khz_mono_large_samples
FNDA:1,_RNvNtNtNtCs9i5LKM2uyYZ_14whisper_hotkey5audio7capture5testss_40test_convert_to_16khz_mono_with_infinity
FNDA:1,_RNvNtNtNtCs9i5LKM2uyYZ_14whisper_hotkey5audio7capture5testss_43test_convert_to_16khz_mono_with_nan_samples
FNDA:1,_RNvNtNtNtCs9i5LKM2uyYZ_14whisper_hotkey5audio7capture5testss_44test_save_wav_debug_creates_nested_directory
FNDA:1,_RNvNtNtNtCs9i5LKM2uyYZ_14whisper_hotkey5audio7capture5testss_44test_upsampling_maintains_sample_count_ratio
FNDA:1,_RNvNtNtNtCs9i5LKM2uyYZ_14whisper_hotkey5audio7capture5testss_46test_downsampling_maintains_sample_count_ratio
FNDA:1,_RNvXNtNtNtCs9i5LKM2uyYZ_14whisper_hotkey5audio7capture5testsNtB2_17MockStreamControlNtB4_13StreamControl4play
FNDA:2,_RNvXNtNtNtCs9i5LKM2uyYZ_14whisper_hotkey5audio7capture5testsNtB2_17MockStreamControlNtB4_13StreamControl5pause
FNDA:882040,_RNCNCNvMs_NtNtCs9i5LKM2uyYZ_14whisper_hotkey5audio7captureNtB8_12AudioCapture21convert_to_16khz_mono00Bc_
FNDA:441018,_RNCNvMs_NtNtCs9i5LKM2uyYZ_14whisper_hotkey5audio7captureNtB6_12AudioCapture21convert_to_16khz_mono0Ba_
FNDA:0,_RNCNvMs_NtNtCs9i5LKM2uyYZ_14whisper_hotkey5audio7captureNtB6_12AudioCapture3new0Ba_
FNDA:0,_RNCNvMs_NtNtCs9i5LKM2uyYZ_14whisper_hotkey5audio7captureNtB6_12AudioCapture3news0_0Ba_
FNDA:0,_RNCNvMs_NtNtCs9i5LKM2uyYZ_14whisper_hotkey5audio7captureNtB6_12AudioCapture3news_0Ba_
FNF:43
FNH:32
DA:29,0
DA:30,0
DA:31,0
DA:33,0
DA:34,0
DA:35,0
DA:58,0
DA:59,0
DA:62,0
DA:63,0
DA:64,0
DA:65,0
DA:67,0
DA:68,0
DA:71,0
DA:72,0
DA:73,0
DA:75,0
DA:76,0
DA:78,0
DA:79,0
DA:85,0
DA:86,0
DA:87,0
DA:88,0
DA:89,0
DA:92,0
DA:93,0
DA:95,0
DA:98,0
DA:99,0
DA:101,0
DA:102,0
DA:103,0
DA:104,0
DA:105,0
DA:106,0
DA:108,0
DA:109,0
DA:110,0
DA:111,0
DA:112,0
DA:113,0
DA:114,0
DA:115,0
DA:116,0
DA:117,0
DA:119,0
DA:122,0
DA:125,0
DA:126,0
DA:127,0
DA:129,0
DA:130,0
DA:131,0
DA:132,0
DA:133,0
DA:134,0
DA:135,0
DA:136,0
DA:143,2
DA:144,2
DA:145,2
DA:146,2
DA:149,2
DA:152,2
DA:155,2
DA:156,2
DA:157,0
DA:159,2
DA:160,2
DA:161,2
DA:162,2
DA:169,2
DA:170,2
DA:171,2
DA:172,2
DA:175,2
DA:176,2
DA:177,0
DA:180,2
DA:183,2
DA:184,2
DA:185,0
DA:188,2
DA:189,2
DA:190,2
DA:191,0
DA:192,0
DA:193,2
DA:195,2
DA:196,0
DA:197,0
DA:198,0
DA:202,2
DA:204,2
DA:205,2
DA:206,0
DA:207,0
DA:210,2
DA:211,2
DA:213,38
DA:214,38
DA:215,38
DA:216,38
DA:219,38
DA:220,38
DA:221,26
DA:224,12
DA:225,12
DA:226,12
DA:227,882036
DA:228,1764080
DA:232,882036
DA:234,882036
DA:235,12
DA:237,38
DA:239,38
DA:240,12
DA:242,0
DA:243,0
DA:245,26
DA:248,38
DA:249,16
DA:250,22
DA:259,22
DA:260,22
DA:261,22
DA:264,22
DA:265,22
DA:266,22
DA:268,0
DA:271,22
DA:272,384098
DA:274,384098
DA:277,384098
DA:278,384098
DA:280,0
DA:283,384098
DA:284,384098
DA:286,384098
DA:287,384098
DA:288,384098
DA:290,384098
DA:291,384098
DA:293,0
DA:296,384098
DA:299,22
DA:300,22
DA:303,0
DA:304,0
DA:305,0
DA:306,0
DA:309,22
DA:312,22
DA:313,22
DA:314,0
DA:315,0
DA:318,22
DA:319,38
DA:325,8
DA:326,8
DA:329,8
DA:330,8
DA:331,0
DA:333,8
DA:334,8
DA:335,8
DA:336,8
DA:337,8
DA:338,8
DA:340,8
DA:342,26
DA:343,18
DA:344,18
DA:345,18
DA:348,8
DA:350,8
DA:351,0
DA:353,0
DA:355,8
DA:356,8
DA:371,2
DA:372,2
DA:373,2
DA:374,2
DA:376,4
DA:377,4
DA:378,4
DA:379,4
DA:383,36
DA:384,36
DA:385,36
DA:386,36
DA:387,36
DA:388,36
DA:389,36
DA:390,36
DA:391,36
DA:394,2
DA:395,2
DA:398,2
DA:400,2
DA:403,2
DA:404,2
DA:405,2
DA:406,2
DA:407,2
DA:410,2
DA:411,2
DA:413,2
DA:415,2
DA:418,2
DA:419,2
DA:422,2
DA:423,2
DA:426,2
DA:428,2
DA:431,2
DA:434,8
DA:435,6
DA:437,2
DA:440,2
DA:441,2
DA:444,2
DA:446,2
DA:449,2
DA:452,18
DA:453,16
DA:455,2
DA:459,2
DA:460,2
DA:463,2
DA:464,22
DA:465,20
DA:466,20
DA:467,20
DA:469,2
DA:472,2
DA:475,10
DA:476,8
DA:478,2
DA:481,2
DA:482,2
DA:484,2
DA:485,2
DA:487,2
DA:488,2
DA:491,2
DA:492,2
DA:494,2
DA:495,2
DA:497,2
DA:498,2
DA:499,2
DA:502,2
DA:503,2
DA:506,2
DA:508,2
DA:511,2
DA:512,2
DA:513,2
DA:514,2
DA:517,2
DA:518,2
DA:521,2
DA:523,2
DA:526,10
DA:527,8
DA:529,2
DA:532,2
DA:536,2
DA:537,2
DA:538,2
DA:541,2
DA:543,2
DA:544,2
DA:547,2
DA:550,2
DA:551,2
DA:553,2
DA:554,2
DA:555,2
DA:556,2
DA:559,2
DA:560,2
DA:563,2
DA:564,2
DA:567,2
DA:571,2
DA:572,2
DA:573,2
DA:575,2
DA:577,2
DA:578,2
DA:579,2
DA:581,2
DA:582,2
DA:585,2
DA:589,2
DA:590,2
DA:591,2
DA:594,2
DA:596,2
DA:597,2
DA:598,2
DA:601,2
DA:602,2
DA:606,2
DA:607,2
DA:610,2
DA:612,2
DA:615,2
DA:616,2
DA:617,2
DA:621,2
DA:622,2
DA:625,2
DA:627,2
DA:630,2
DA:631,2
DA:632,2
DA:638,0
DA:639,0
DA:640,0
DA:641,0
DA:642,0
DA:644,0
DA:645,0
DA:646,0
DA:647,0
DA:650,0
DA:651,0
DA:652,0
DA:653,0
DA:657,0
DA:658,0
DA:659,0
DA:660,0
DA:661,0
DA:663,0
DA:666,0
DA:667,0
DA:668,0
DA:671,0
DA:674,0
DA:675,0
DA:676,0
DA:678,0
DA:681,0
DA:685,0
DA:686,0
DA:687,0
DA:688,0
DA:689,0
DA:691,0
DA:693,0
DA:694,0
DA:695,0
DA:696,0
DA:697,0
DA:698,0
DA:699,0
DA:703,0
DA:704,0
DA:705,0
DA:706,0
DA:707,0
DA:709,0
DA:712,0
DA:713,0
DA:714,0
DA:717,0
DA:718,0
DA:719,0
DA:724,0
DA:725,0
DA:728,2
DA:730,2
DA:731,2
DA:732,2
DA:733,2
DA:734,2
DA:735,2
DA:737,2
DA:738,2
DA:740,2
DA:741,2
DA:742,2
DA:743,2
DA:744,2
DA:745,2
DA:746,2
DA:749,2
DA:750,2
DA:751,2
DA:754,2
DA:755,2
DA:756,2
DA:757,2
DA:761,0
DA:762,0
DA:763,0
DA:764,0
DA:765,0
DA:767,0
DA:771,0
DA:772,0
DA:774,0
DA:777,0
DA:778,0
DA:782,0
DA:783,0
DA:786,2
DA:787,2
DA:790,2
DA:792,2
DA:795,2
DA:797,2
DA:798,2
DA:801,2
DA:802,2
DA:805,2
DA:807,2
DA:810,2
DA:811,2
DA:812,2
DA:813,2
DA:816,2
DA:817,2
DA:820,2
DA:822,2
DA:827,2
DA:828,2
DA:829,2
DA:832,2
DA:833,2
DA:836,2
DA:838,2
DA:842,2
DA:843,2
DA:846,2
DA:849,2
DA:852,2
DA:853,2
DA:854,2
DA:855,2
DA:856,2
DA:857,2
DA:858,2
DA:859,2
DA:860,2
DA:863,2
DA:864,2
DA:865,2
DA:868,2
DA:869,2
DA:872,2
DA:873,2
DA:876,2
DA:877,2
DA:879,2
DA:882,2
DA:883,2
DA:884,2
DA:885,2
DA:886,2
DA:887,0
DA:888,0
DA:890,2
DA:893,2
DA:894,2
DA:897,2
DA:899,2
DA:902,2
DA:903,2
DA:904,2
DA:905,2
DA:906,2
DA:909,2
DA:910,2
DA:912,2
DA:913,2
DA:915,2
DA:916,2
BRF:0
BRH:0
LF:488
LH:333
end_of_record
SF:/Users/marcin.skalski@konghq.com/sideprojects/whisper-hotkey/src/config.rs
FN:130,_RNvMNtCs6sszmBaHWoq_14whisper_hotkey6configNtB2_6Config11config_path
FN:201,_RNvMNtCs6sszmBaHWoq_14whisper_hotkey6configNtB2_6Config11expand_path
FN:140,_RNvMNtCs6sszmBaHWoq_14whisper_hotkey6configNtB2_6Config14create_default
FN:192,_RNvMNtCs6sszmBaHWoq_14whisper_hotkey6configNtB2_6Config15get_config_path
FN:135,_RNvMNtCs6sszmBaHWoq_14whisper_hotkey6configNtB2_6Config15old_config_path
FN:96,_RNvMNtCs6sszmBaHWoq_14whisper_hotkey6configNtB2_6Config4load
FN:174,_RNvMNtCs6sszmBaHWoq_14whisper_hotkey6configNtB2_6Config4save
FN:67,_RNvNtCs6sszmBaHWoq_14whisper_hotkey6config15default_threads
FN:75,_RNvNtCs6sszmBaHWoq_14whisper_hotkey6config16default_language
FN:71,_RNvNtCs6sszmBaHWoq_14whisper_hotkey6config17default_beam_size
FN:130,_RNvMNtCsk8CzJajUs6E_14whisper_hotkey6configNtB2_6Config11config_path
FN:201,_RNvMNtCsk8CzJajUs6E_14whisper_hotkey6configNtB2_6Config11expand_path
FN:140,_RNvMNtCsk8CzJajUs6E_14whisper_hotkey6configNtB2_6Config14create_default
FN:192,_RNvMNtCsk8CzJajUs6E_14whisper_hotkey6configNtB2_6Config15get_config_path
FN:135,_RNvMNtCsk8CzJajUs6E_14whisper_hotkey6configNtB2_6Config15old_config_path
FN:96,_RNvMNtCsk8CzJajUs6E_14whisper_hotkey6configNtB2_6Config4load
FN:174,_RNvMNtCsk8CzJajUs6E_14whisper_hotkey6configNtB2_6Config4save
FN:67,_RNvNtCsk8CzJajUs6E_14whisper_hotkey6config15default_threads
FN:75,_RNvNtCsk8CzJajUs6E_14whisper_hotkey6config16default_language
FN:71,_RNvNtCsk8CzJajUs6E_14whisper_hotkey6config17default_beam_size
FN:515,_RNvNtNtCsk8CzJajUs6E_14whisper_hotkey6config5testss_16test_config_path
FN:523,_RNvNtNtCsk8CzJajUs6E_14whisper_hotkey6config5testss_20test_get_config_path
FN:531,_RNvNtNtCsk8CzJajUs6E_14whisper_hotkey6config5testss_20test_old_config_path
FN:478,_RNvNtNtCsk8CzJajUs6E_14whisper_hotkey6config5testss_21test_config_roundtrip
FN:446,_RNvNtNtCsk8CzJajUs6E_14whisper_hotkey6config5testss_21test_config_serialize
FN:273,_RNvNtNtCsk8CzJajUs6E_14whisper_hotkey6config5testss_23test_parse_invalid_toml
FN:240,_RNvNtNtCsk8CzJajUs6E_14whisper_hotkey6config5testss_23test_parse_valid_config
FN:575,_RNvNtNtCsk8CzJajUs6E_14whisper_hotkey6config5testss_24test_load_with_migration
FN:234,_RNvNtNtCsk8CzJajUs6E_14whisper_hotkey6config5testss_25test_expand_path_relative
FN:221,_RNvNtNtCsk8CzJajUs6E_14whisper_hotkey6config5testss_27test_expand_path_with_tilde
FN:746,_RNvNtNtCsk8CzJajUs6E_14whisper_hotkey6config5testss_29test_save_creates_config_file
FN:228,_RNvNtNtCsk8CzJajUs6E_14whisper_hotkey6config5testss_30test_expand_path_without_tilde
FN:302,_RNvNtNtCsk8CzJajUs6E_14whisper_hotkey6config5testss_30test_parse_different_modifiers
FN:368,_RNvNtNtCsk8CzJajUs6E_14whisper_hotkey6config5testss_31test_load_reads_existing_config
FN:806,_RNvNtNtCsk8CzJajUs6E_14whisper_hotkey6config5testss_31test_parse_config_with_language
FN:283,_RNvNtNtCsk8CzJajUs6E_14whisper_hotkey6config5testss_33test_parse_missing_required_field
FN:375,_RNvNtNtCsk8CzJajUs6E_14whisper_hotkey6config5testss_35test_config_migration_from_old_path
FN:361,_RNvNtNtCsk8CzJajUs6E_14whisper_hotkey6config5testss_36test_load_creates_default_if_missing
FN:681,_RNvNtNtCsk8CzJajUs6E_14whisper_hotkey6config5testss_40test_load_when_new_config_already_exists
FN:334,_RNvNtNtCsk8CzJajUs6E_14whisper_hotkey6config5testss_43test_parse_config_with_default_optimization
FN:538,_RNvNtNtCsk8CzJajUs6E_14whisper_hotkey6config5testss_44test_create_default_creates_parent_directory
FN:639,_RNvNtNtCsk8CzJajUs6E_14whisper_hotkey6config5testss_47test_load_creates_default_when_no_config_exists
FN:130,_RNvMNtCs5geUDWTBgK1_14whisper_hotkey6configNtB2_6Config11config_path
FN:201,_RNvMNtCs5geUDWTBgK1_14whisper_hotkey6configNtB2_6Config11expand_path
FN:140,_RNvMNtCs5geUDWTBgK1_14whisper_hotkey6configNtB2_6Config14create_default
FN:192,_RNvMNtCs5geUDWTBgK1_14whisper_hotkey6configNtB2_6Config15get_config_path
FN:135,_RNvMNtCs5geUDWTBgK1_14whisper_hotkey6configNtB2_6Config15old_config_path
FN:96,_RNvMNtCs5geUDWTBgK1_14whisper_hotkey6configNtB2_6Config4load
FN:174,_RNvMNtCs5geUDWTBgK1_14whisper_hotkey6configNtB2_6Config4save
FN:67,_RNvNtCs5geUDWTBgK1_14whisper_hotkey6config15default_threads
FN:75,_RNvNtCs5geUDWTBgK1_14whisper_hotkey6config16default_language
FN:71,_RNvNtCs5geUDWTBgK1_14whisper_hotkey6config17default_beam_size
FN:130,_RNvMNtCs9i5LKM2uyYZ_14whisper_hotkey6configNtB2_6Config11config_path
FN:201,_RNvMNtCs9i5LKM2uyYZ_14whisper_hotkey6configNtB2_6Config11expand_path
FN:140,_RNvMNtCs9i5LKM2uyYZ_14whisper_hotkey6configNtB2_6Config14create_default
FN:192,_RNvMNtCs9i5LKM2uyYZ_14whisper_hotkey6configNtB2_6Config15get_config_path
FN:135,_RNvMNtCs9i5LKM2uyYZ_14whisper_hotkey6configNtB2_6Config15old_config_path
FN:96,_RNvMNtCs9i5LKM2uyYZ_14whisper_hotkey6configNtB2_6Config4load
FN:174,_RNvMNtCs9i5LKM2uyYZ_14whisper_hotkey6configNtB2_6Config4save
FN:67,_RNvNtCs9i5LKM2uyYZ_14whisper_hotkey6config15default_threads
FN:75,_RNvNtCs9i5LKM2uyYZ_14whisper_hotkey6config16default_language
FN:71,_RNvNtCs9i5LKM2uyYZ_14whisper_hotkey6config17default_beam_size
FN:515,_RNvNtNtCs9i5LKM2uyYZ_14whisper_hotkey6config5testss_16test_config_path
FN:523,_RNvNtNtCs9i5LKM2uyYZ_14whisper_hotkey6config5testss_20test_get_config_path
FN:531,_RNvNtNtCs9i5LKM2uyYZ_14whisper_hotkey6config5testss_20test_old_config_path
FN:478,_RNvNtNtCs9i5LKM2uyYZ_14whisper_hotkey6config5testss_21test_config_roundtrip
FN:446,_RNvNtNtCs9i5LKM2uyYZ_14whisper_hotkey6config5testss_21test_config_serialize
FN:273,_RNvNtNtCs9i5LKM2uyYZ_14whisper_hotkey6config5testss_23test_parse_invalid_toml
FN:240,_RNvNtNtCs9i5LKM2uyYZ_14whisper_hotkey6config5testss_23test_parse_valid_config
FN:575,_RNvNtNtCs9i5LKM2uyYZ_14whisper_hotkey6config5testss_24test_load_with_migration
FN:234,_RNvNtNtCs9i5LKM2uyYZ_14whisper_hotkey6config5testss_25test_expand_path_relative
FN:221,_RNvNtNtCs9i5LKM2uyYZ_14whisper_hotkey6config5testss_27test_expand_path_with_tilde
FN:746,_RNvNtNtCs9i5LKM2uyYZ_14whisper_hotkey6config5testss_29test_save_creates_config_file
FN:228,_RNvNtNtCs9i5LKM2uyYZ_14whisper_hotkey6config5testss_30test_expand_path_without_tilde
FN:302,_RNvNtNtCs9i5LKM2uyYZ_14whisper_hotkey6config5testss_30test_parse_different_modifiers
FN:368,_RNvNtNtCs9i5LKM2uyYZ_14whisper_hotkey6config5testss_31test_load_reads_existing_config
FN:806,_RNvNtNtCs9i5LKM2uyYZ_14whisper_hotkey6config5testss_31test_parse_config_with_language
FN:283,_RNvNtNtCs9i5LKM2uyYZ_14whisper_hotkey6config5testss_33test_parse_missing_required_field
FN:375,_RNvNtNtCs9i5LKM2uyYZ_14whisper_hotkey6config5testss_35test_config_migration_from_old_path
FN:361,_RNvNtNtCs9i5LKM2uyYZ_14whisper_hotkey6config5testss_36test_load_creates_default_if_missing
FN:681,_RNvNtNtCs9i5LKM2uyYZ_14whisper_hotkey6config5testss_40test_load_when_new_config_already_exists
FN:334,_RNvNtNtCs9i5LKM2uyYZ_14whisper_hotkey6config5testss_43test_parse_config_with_default_optimization
FN:538,_RNvNtNtCs9i5LKM2uyYZ_14whisper_hotkey6config5testss_44test_create_default_creates_parent_directory
FN:639,_RNvNtNtCs9i5LKM2uyYZ_14whisper_hotkey6config5testss_47test_load_creates_default_when_no_config_exists
FNDA:0,_RNvMNtCs6sszmBaHWoq_14whisper_hotkey6configNtB2_6Config11config_path
FNDA:0,_RNvMNtCs6sszmBaHWoq_14whisper_hotkey6configNtB2_6Config11expand_path
FNDA:0,_RNvMNtCs6sszmBaHWoq_14whisper_hotkey6configNtB2_6Config14create_default
FNDA:0,_RNvMNtCs6sszmBaHWoq_14whisper_hotkey6configNtB2_6Config15get_config_path
FNDA:0,_RNvMNtCs6sszmBaHWoq_14whisper_hotkey6configNtB2_6Config15old_config_path
FNDA:0,_RNvMNtCs6sszmBaHWoq_14whisper_hotkey6configNtB2_6Config4load
FNDA:0,_RNvMNtCs6sszmBaHWoq_14whisper_hotkey6configNtB2_6Config4save
FNDA:0,_RNvNtCs6sszmBaHWoq_14whisper_hotkey6config15default_threads
FNDA:0,_RNvNtCs6sszmBaHWoq_14whisper_hotkey6config16default_language
FNDA:0,_RNvNtCs6sszmBaHWoq_14whisper_hotkey6config17default_beam_size
FNDA:6,_RNvMNtCsk8CzJajUs6E_14whisper_hotkey6configNtB2_6Config11config_path
FNDA:3,_RNvMNtCsk8CzJajUs6E_14whisper_hotkey6configNtB2_6Config11expand_path
FNDA:2,_RNvMNtCsk8CzJajUs6E_14whisper_hotkey6configNtB2_6Config14create_default
FNDA:1,_RNvMNtCsk8CzJajUs6E_14whisper_hotkey6configNtB2_6Config15get_config_path
FNDA:3,_RNvMNtCsk8CzJajUs6E_14whisper_hotkey6configNtB2_6Config15old_config_path
FNDA:3,_RNvMNtCsk8CzJajUs6E_14whisper_hotkey6configNtB2_6Config4load
FNDA:1,_RNvMNtCsk8CzJajUs6E_14whisper_hotkey6configNtB2_6Config4save
FNDA:4,_RNvNtCsk8CzJajUs6E_14whisper_hotkey6config15default_threads
FNDA:7,_RNvNtCsk8CzJajUs6E_14whisper_hotkey6config16default_language
FNDA:4,_RNvNtCsk8CzJajUs6E_14whisper_hotkey6config17default_beam_size
FNDA:1,_RNvNtNtCsk8CzJajUs6E_14whisper_hotkey6config5testss_16test_config_path
FNDA:1,_RNvNtNtCsk8CzJajUs6E_14whisper_hotkey6config5testss_20test_get_config_path
FNDA:1,_RNvNtNtCsk8CzJajUs6E_14whisper_hotkey6config5testss_20test_old_config_path
FNDA:1,_RNvNtNtCsk8CzJajUs6E_14whisper_hotkey6config5testss_21test_config_roundtrip
FNDA:1,_RNvNtNtCsk8CzJajUs6E_14whisper_hotkey6config5testss_21test_config_serialize
FNDA:1,_RNvNtNtCsk8CzJajUs6E_14whisper_hotkey6config5testss_23test_parse_invalid_toml
FNDA:1,_RNvNtNtCsk8CzJajUs6E_14whisper_hotkey6config5testss_23test_parse_valid_config
FNDA:1,_RNvNtNtCsk8CzJajUs6E_14whisper_hotkey6config5testss_24test_load_with_migration
FNDA:1,_RNvNtNtCsk8CzJajUs6E_14whisper_hotkey6config5testss_25test_expand_path_relative
FNDA:1,_RNvNtNtCsk8CzJajUs6E_14whisper_hotkey6config5testss_27test_expand_path_with_tilde
FNDA:1,_RNvNtNtCsk8CzJajUs6E_14whisper_hotkey6config5testss_29test_save_creates_config_file
FNDA:1,_RNvNtNtCsk8CzJajUs6E_14whisper_hotkey6config5testss_30test_expand_path_without_tilde
FNDA:1,_RNvNtNtCsk8CzJajUs6E_14whisper_hotkey6config5testss_30test_parse_different_modifiers
FNDA:0,_RNvNtNtCsk8CzJajUs6E_14whisper_hotkey6config5testss_31test_load_reads_existing_config
FNDA:1,_RNvNtNtCsk8CzJajUs6E_14whisper_hotkey6config5testss_31test_parse_config_with_language
FNDA:1,_RNvNtNtCsk8CzJajUs6E_14whisper_hotkey6config5testss_33test_parse_missing_required_field
FNDA:0,_RNvNtNtCsk8CzJajUs6E_14whisper_hotkey6config5testss_35test_config_migration_from_old_path
FNDA:0,_RNvNtNtCsk8CzJajUs6E_14whisper_hotkey6config5testss_36test_load_creates_default_if_missing
FNDA:1,_RNvNtNtCsk8CzJajUs6E_14whisper_hotkey6config5testss_40test_load_when_new_config_already_exists
FNDA:1,_RNvNtNtCsk8CzJajUs6E_14whisper_hotkey6config5testss_43test_parse_config_with_default_optimization
FNDA:1,_RNvNtNtCsk8CzJajUs6E_14whisper_hotkey6config5testss_44test_create_default_creates_parent_directory
FNDA:1,_RNvNtNtCsk8CzJajUs6E_14whisper_hotkey6config5testss_47test_load_creates_default_when_no_config_exists
FNDA:0,_RNvMNtCs5geUDWTBgK1_14whisper_hotkey6configNtB2_6Config11config_path
FNDA:0,_RNvMNtCs5geUDWTBgK1_14whisper_hotkey6configNtB2_6Config11expand_path
FNDA:0,_RNvMNtCs5geUDWTBgK1_14whisper_hotkey6configNtB2_6Config14create_default
FNDA:0,_RNvMNtCs5geUDWTBgK1_14whisper_hotkey6configNtB2_6Config15get_config_path
FNDA:0,_RNvMNtCs5geUDWTBgK1_14whisper_hotkey6configNtB2_6Config15old_config_path
FNDA:0,_RNvMNtCs5geUDWTBgK1_14whisper_hotkey6configNtB2_6Config4load
FNDA:0,_RNvMNtCs5geUDWTBgK1_14whisper_hotkey6configNtB2_6Config4save
FNDA:0,_RNvNtCs5geUDWTBgK1_14whisper_hotkey6config15default_threads
FNDA:0,_RNvNtCs5geUDWTBgK1_14whisper_hotkey6config16default_language
FNDA:0,_RNvNtCs5geUDWTBgK1_14whisper_hotkey6config17default_beam_size
FNDA:6,_RNvMNtCs9i5LKM2uyYZ_14whisper_hotkey6configNtB2_6Config11config_path
FNDA:3,_RNvMNtCs9i5LKM2uyYZ_14whisper_hotkey6configNtB2_6Config11expand_path
FNDA:2,_RNvMNtCs9i5LKM2uyYZ_14whisper_hotkey6configNtB2_6Config14create_default
FNDA:1,_RNvMNtCs9i5LKM2uyYZ_14whisper_hotkey6configNtB2_6Config15get_config_path
FNDA:3,_RNvMNtCs9i5LKM2uyYZ_14whisper_hotkey6configNtB2_6Config15old_config_path
FNDA:3,_RNvMNtCs9i5LKM2uyYZ_14whisper_hotkey6configNtB2_6Config4load
FNDA:1,_RNvMNtCs9i5LKM2uyYZ_14whisper_hotkey6configNtB2_6Config4save
FNDA:4,_RNvNtCs9i5LKM2uyYZ_14whisper_hotkey6config15default_threads
FNDA:7,_RNvNtCs9i5LKM2uyYZ_14whisper_hotkey6config16default_language
FNDA:4,_RNvNtCs9i5LKM2uyYZ_14whisper_hotkey6config17default_beam_size
FNDA:1,_RNvNtNtCs9i5LKM2uyYZ_14whisper_hotkey6config5testss_16test_config_path
FNDA:1,_RNvNtNtCs9i5LKM2uyYZ_14whisper_hotkey6config5testss_20test_get_config_path
FNDA:1,_RNvNtNtCs9i5LKM2uyYZ_14whisper_hotkey6config5testss_20test_old_config_path
FNDA:1,_RNvNtNtCs9i5LKM2uyYZ_14whisper_hotkey6config5testss_21test_config_roundtrip
FNDA:1,_RNvNtNtCs9i5LKM2uyYZ_14whisper_hotkey6config5testss_21test_config_serialize
FNDA:1,_RNvNtNtCs9i5LKM2uyYZ_14whisper_hotkey6config5testss_23test_parse_invalid_toml
FNDA:1,_RNvNtNtCs9i5LKM2uyYZ_14whisper_hotkey6config5testss_23test_parse_valid_config
FNDA:1,_RNvNtNtCs9i5LKM2uyYZ_14whisper_hotkey6config5testss_24test_load_with_migration
FNDA:1,_RNvNtNtCs9i5LKM2uyYZ_14whisper_hotkey6config5testss_25test_expand_path_relative
FNDA:1,_RNvNtNtCs9i5LKM2uyYZ_14whisper_hotkey6config5testss_27test_expand_path_with_tilde
FNDA:1,_RNvNtNtCs9i5LKM2uyYZ_14whisper_hotkey6config5testss_29test_save_creates_config_file
FNDA:1,_RNvNtNtCs9i5LKM2uyYZ_14whisper_hotkey6config5testss_30test_expand_path_without_tilde
FNDA:1,_RNvNtNtCs9i5LKM2uyYZ_14whisper_hotkey6config5testss_30test_parse_different_modifiers
FNDA:0,_RNvNtNtCs9i5LKM2uyYZ_14whisper_hotkey6config5testss_31test_load_reads_existing_config
FNDA:1,_RNvNtNtCs9i5LKM2uyYZ_14whisper_hotkey6config5testss_31test_parse_config_with_language
FNDA:1,_RNvNtNtCs9i5LKM2uyYZ_14whisper_hotkey6config5testss_33test_parse_missing_required_field
FNDA:0,_RNvNtNtCs9i5LKM2uyYZ_14whisper_hotkey6config5testss_35test_config_migration_from_old_path
FNDA:0,_RNvNtNtCs9i5LKM2uyYZ_14whisper_hotkey6config5testss_36test_load_creates_default_if_missing
FNDA:1,_RNvNtNtCs9i5LKM2uyYZ_14whisper_hotkey6config5testss_40test_load_when_new_config_already_exists
FNDA:1,_RNvNtNtCs9i5LKM2uyYZ_14whisper_hotkey6config5testss_43test_parse_config_with_default_optimization
FNDA:1,_RNvNtNtCs9i5LKM2uyYZ_14whisper_hotkey6config5testss_44test_create_default_creates_parent_directory
FNDA:1,_RNvNtNtCs9i5LKM2uyYZ_14whisper_hotkey6config5testss_47test_load_creates_default_when_no_config_exists
FNF:32
FNH:29
DA:67,8
DA:68,8
DA:69,8
DA:71,8
DA:72,8
DA:73,8
DA:75,14
DA:76,14
DA:77,14
DA:96,6
DA:97,6
DA:100,6
DA:101,4
DA:102,4
DA:104,2
DA:105,2
DA:106,0
DA:107,2
DA:108,2
DA:109,2
DA:110,2
DA:111,2
DA:112,0
DA:113,0
DA:114,0
DA:116,2
DA:117,2
DA:119,6
DA:120,2
DA:121,4
DA:123,6
DA:125,6
DA:127,6
DA:128,6
DA:130,12
DA:131,12
DA:132,12
DA:133,12
DA:135,6
DA:136,6
DA:137,6
DA:138,6
DA:140,4
DA:142,4
DA:143,4
DA:144,0
DA:146,4
DA:147,4
DA:148,4
DA:149,4
DA:150,4
DA:151,4
DA:152,4
DA:153,4
DA:154,4
DA:155,4
DA:156,4
DA:157,4
DA:158,4
DA:159,4
DA:160,4
DA:161,4
DA:162,4
DA:163,4
DA:164,4
DA:165,4
DA:166,4
DA:167,4
DA:168,4
DA:174,2
DA:175,2
DA:178,2
DA:179,2
DA:180,0
DA:182,2
DA:183,2
DA:184,2
DA:185,2
DA:186,2
DA:192,2
DA:193,2
DA:194,2
DA:201,6
DA:202,6
DA:203,2
DA:204,2
DA:206,4
DA:208,6
DA:221,2
DA:222,2
DA:223,2
DA:224,2
DA:225,2
DA:228,2
DA:229,2
DA:230,2
DA:231,2
DA:234,2
DA:235,2
DA:236,2
DA:237,2
DA:240,2
DA:241,2
DA:242,2
DA:243,2
DA:244,2
DA:245,2
DA:246,2
DA:247,2
DA:248,2
DA:249,2
DA:250,2
DA:251,2
DA:252,2
DA:253,2
DA:254,2
DA:255,2
DA:256,2
DA:257,2
DA:258,2
DA:259,2
DA:260,2
DA:261,2
DA:262,2
DA:263,2
DA:264,2
DA:265,2
DA:266,2
DA:267,2
DA:268,2
DA:269,2
DA:270,2
DA:273,2
DA:274,2
DA:275,2
DA:276,2
DA:277,2
DA:278,2
DA:279,2
DA:280,2
DA:283,2
DA:284,2
DA:285,2
DA:286,2
DA:287,2
DA:288,2
DA:289,2
DA:290,2
DA:291,2
DA:292,2
DA:293,2
DA:294,2
DA:295,2
DA:296,2
DA:297,2
DA:298,2
DA:299,2
DA:302,2
DA:303,2
DA:304,2
DA:305,2
DA:306,2
DA:307,2
DA:308,2
DA:309,2
DA:310,2
DA:311,2
DA:312,2
DA:313,2
DA:314,2
DA:315,2
DA:316,2
DA:317,2
DA:318,2
DA:319,2
DA:320,2
DA:321,2
DA:322,2
DA:323,2
DA:324,2
DA:325,2
DA:326,2
DA:327,2
DA:328,2
DA:329,2
DA:330,2
DA:331,2
DA:334,2
DA:335,2
DA:336,2
DA:337,2
DA:338,2
DA:339,2
DA:340,2
DA:341,2
DA:342,2
DA:343,2
DA:344,2
DA:345,2
DA:346,2
DA:347,2
DA:348,2
DA:349,2
DA:350,2
DA:351,2
DA:352,2
DA:353,2
DA:355,2
DA:356,2
DA:357,2
DA:361,0
DA:364,0
DA:368,0
DA:371,0
DA:375,0
DA:379,0
DA:380,0
DA:381,0
DA:382,0
DA:383,0
DA:384,0
DA:385,0
DA:386,0
DA:387,0
DA:390,0
DA:391,0
DA:394,0
DA:395,0
DA:396,0
DA:397,0
DA:398,0
DA:399,0
DA:400,0
DA:401,0
DA:402,0
DA:403,0
DA:404,0
DA:405,0
DA:406,0
DA:407,0
DA:408,0
DA:409,0
DA:410,0
DA:411,0
DA:412,0
DA:415,0
DA:418,0
DA:421,0
DA:422,0
DA:425,0
DA:428,0
DA:429,0
DA:430,0
DA:431,0
DA:432,0
DA:435,0
DA:436,0
DA:437,0
DA:438,0
DA:439,0
DA:442,0
DA:443,0
DA:446,2
DA:447,2
DA:448,2
DA:449,2
DA:450,2
DA:451,2
DA:452,2
DA:453,2
DA:454,2
DA:455,2
DA:456,2
DA:457,2
DA:458,2
DA:459,2
DA:460,2
DA:461,2
DA:462,2
DA:463,2
DA:464,2
DA:465,2
DA:466,2
DA:467,2
DA:468,2
DA:470,2
DA:471,2
DA:472,2
DA:473,2
DA:474,2
DA:475,2
DA:478,2
DA:479,2
DA:480,2
DA:481,2
DA:482,2
DA:483,2
DA:484,2
DA:485,2
DA:486,2
DA:487,2
DA:488,2
DA:489,2
DA:490,2
DA:491,2
DA:492,2
DA:493,2
DA:494,2
DA:495,2
DA:496,2
DA:497,2
DA:498,2
DA:499,2
DA:500,2
DA:502,2
DA:503,2
DA:505,2
DA:506,2
DA:507,2
DA:508,2
DA:509,2
DA:510,2
DA:511,2
DA:512,2
DA:515,2
DA:516,2
DA:517,2
DA:518,2
DA:519,2
DA:520,2
DA:523,2
DA:524,2
DA:525,2
DA:526,2
DA:527,2
DA:528,2
DA:531,2
DA:532,2
DA:533,2
DA:534,2
DA:535,2
DA:538,2
DA:542,2
DA:543,2
DA:544,2
DA:545,2
DA:546,2
DA:547,2
DA:548,2
DA:549,2
DA:552,2
DA:555,2
DA:558,2
DA:561,2
DA:564,2
DA:567,2
DA:568,2
DA:571,2
DA:572,2
DA:575,2
DA:577,2
DA:580,2
DA:581,2
DA:582,2
DA:583,2
DA:584,2
DA:585,2
DA:586,2
DA:587,2
DA:588,2
DA:591,2
DA:592,2
DA:595,2
DA:596,2
DA:597,2
DA:598,2
DA:599,2
DA:600,2
DA:601,2
DA:602,2
DA:603,2
DA:604,2
DA:605,2
DA:606,2
DA:607,2
DA:608,2
DA:609,2
DA:610,2
DA:611,2
DA:612,2
DA:613,2
DA:616,2
DA:619,2
DA:620,2
DA:621,2
DA:624,2
DA:625,2
DA:628,2
DA:629,2
DA:630,2
DA:631,0
DA:632,0
DA:635,2
DA:636,2
DA:639,2
DA:640,2
DA:642,2
DA:643,2
DA:644,2
DA:645,2
DA:646,2
DA:647,2
DA:648,2
DA:649,2
DA:650,2
DA:652,2
DA:653,2
DA:656,2
DA:659,2
DA:660,2
DA:663,2
DA:664,2
DA:665,2
DA:666,2
DA:667,2
DA:668,2
DA:671,2
DA:672,2
DA:673,2
DA:674,0
DA:675,0
DA:677,2
DA:678,2
DA:681,2
DA:682,2
DA:684,2
DA:685,2
DA:686,2
DA:687,2
DA:688,2
DA:689,2
DA:690,2
DA:691,2
DA:692,2
DA:694,2
DA:695,2
DA:698,2
DA:699,2
DA:700,2
DA:701,2
DA:702,2
DA:703,2
DA:704,2
DA:705,2
DA:706,2
DA:707,2
DA:708,2
DA:709,2
DA:710,2
DA:711,2
DA:712,2
DA:713,2
DA:714,2
DA:715,2
DA:716,2
DA:717,2
DA:720,2
DA:721,2
DA:724,2
DA:727,2
DA:728,2
DA:729,2
DA:730,2
DA:733,2
DA:736,2
DA:737,2
DA:738,2
DA:739,0
DA:740,0
DA:742,2
DA:743,2
DA:746,2
DA:747,2
DA:749,2
DA:750,2
DA:751,2
DA:752,2
DA:753,2
DA:754,2
DA:755,2
DA:756,2
DA:757,2
DA:759,2
DA:760,2
DA:762,2
DA:763,2
DA:764,2
DA:765,2
DA:766,2
DA:767,2
DA:768,2
DA:769,2
DA:770,2
DA:771,2
DA:772,2
DA:773,2
DA:774,2
DA:775,2
DA:776,2
DA:777,2
DA:778,2
DA:779,2
DA:780,2
DA:781,2
DA:782,2
DA:783,2
DA:785,2
DA:787,2
DA:788,2
DA:790,2
DA:791,2
DA:792,2
DA:793,2
DA:796,2
DA:797,2
DA:798,2
DA:799,0
DA:800,0
DA:802,2
DA:803,2
DA:806,2
DA:807,2
DA:808,2
DA:809,2
DA:810,2
DA:811,2
DA:812,2
DA:813,2
DA:814,2
DA:815,2
DA:816,2
DA:817,2
DA:818,2
DA:819,2
DA:820,2
DA:821,2
DA:822,2
DA:823,2
DA:824,2
DA:825,2
DA:826,2
DA:827,2
DA:828,2
BRF:0
BRH:0
LF:553
LH:487
end_of_record
SF:/Users/marcin.skalski@konghq.com/sideprojects/whisper-hotkey/src/input/cgevent.rs
FN:63,_RNCNvNtNtCs6sszmBaHWoq_14whisper_hotkey5input7cgevent11insert_text0B7_
FN:72,_RNCNvNtNtCs6sszmBaHWoq_14whisper_hotkey5input7cgevent11insert_texts_0B7_
FN:42,_RNvNtNtCs6sszmBaHWoq_14whisper_hotkey5input7cgevent11insert_text
FN:110,_RNvNtNtCs6sszmBaHWoq_14whisper_hotkey5input7cgevent16insert_text_safe
FN:253,_RNCNvNtNtNtCsk8CzJajUs6E_14whisper_hotkey5input7cgevent5testss_37test_utf16_encoding_newlines_and_tabs0B9_
FN:42,_RNvNtNtCsk8CzJajUs6E_14whisper_hotkey5input7cgevent11insert_text
FN:110,_RNvNtNtCsk8CzJajUs6E_14whisper_hotkey5input7cgevent16insert_text_safe
FN:63,_RNCNvNtNtCsk8CzJajUs6E_14whisper_hotkey5input7cgevent11insert_text0B7_
FN:72,_RNCNvNtNtCsk8CzJajUs6E_14whisper_hotkey5input7cgevent11insert_texts_0B7_
FN:163,_RNvNtNtNtCsk8CzJajUs6E_14whisper_hotkey5input7cgevent5testss_21test_insert_text_long
FN:125,_RNvNtNtNtCsk8CzJajUs6E_14whisper_hotkey5input7cgevent5testss_22test_insert_text_empty
FN:139,_RNvNtNtNtCsk8CzJajUs6E_14whisper_hotkey5input7cgevent5testss_23test_insert_text_simple
FN:147,_RNvNtNtNtCsk8CzJajUs6E_14whisper_hotkey5input7cgevent5testss_24test_insert_text_unicode
FN:187,_RNvNtNtNtCsk8CzJajUs6E_14whisper_hotkey5input7cgevent5testss_24test_multiple_insertions
FN:155,_RNvNtNtNtCsk8CzJajUs6E_14whisper_hotkey5input7cgevent5testss_26test_insert_text_multiline
FN:218,_RNvNtNtNtCsk8CzJajUs6E_14whisper_hotkey5input7cgevent5testss_26test_utf16_encoding_emojis
FN:233,_RNvNtNtNtCsk8CzJajUs6E_14whisper_hotkey5input7cgevent5testss_26test_utf16_encoding_polish
FN:180,_RNvNtNtNtCsk8CzJajUs6E_14whisper_hotkey5input7cgevent5testss_28test_insert_text_safe_simple
FN:172,_RNvNtNtNtCsk8CzJajUs6E_14whisper_hotkey5input7cgevent5testss_30test_insert_text_special_chars
FN:196,_RNvNtNtNtCsk8CzJajUs6E_14whisper_hotkey5input7cgevent5testss_31test_insert_text_polish_unicode
FN:204,_RNvNtNtNtCsk8CzJajUs6E_14whisper_hotkey5input7cgevent5testss_32test_insert_text_mixed_languages
FN:243,_RNvNtNtNtCsk8CzJajUs6E_14whisper_hotkey5input7cgevent5testss_37test_utf16_encoding_newlines_and_tabs
FN:132,_RNvNtNtNtCsk8CzJajUs6E_14whisper_hotkey5input7cgevent5testss_41test_insert_text_safe_empty_returns_false
FN:211,_RNvNtNtNtCsk8CzJajUs6E_14whisper_hotkey5input7cgevent5testss_41test_insert_text_safe_with_non_empty_text
FN:42,_RNvNtNtCs5geUDWTBgK1_14whisper_hotkey5input7cgevent11insert_text
FN:110,_RNvNtNtCs5geUDWTBgK1_14whisper_hotkey5input7cgevent16insert_text_safe
FN:63,_RNCNvNtNtCs5geUDWTBgK1_14whisper_hotkey5input7cgevent11insert_text0B7_
FN:72,_RNCNvNtNtCs5geUDWTBgK1_14whisper_hotkey5input7cgevent11insert_texts_0B7_
FN:42,_RNvNtNtCs9i5LKM2uyYZ_14whisper_hotkey5input7cgevent11insert_text
FN:110,_RNvNtNtCs9i5LKM2uyYZ_14whisper_hotkey5input7cgevent16insert_text_safe
FN:163,_RNvNtNtNtCs9i5LKM2uyYZ_14whisper_hotkey5input7cgevent5testss_21test_insert_text_long
FN:125,_RNvNtNtNtCs9i5LKM2uyYZ_14whisper_hotkey5input7cgevent5testss_22test_insert_text_empty
FN:139,_RNvNtNtNtCs9i5LKM2uyYZ_14whisper_hotkey5input7cgevent5testss_23test_insert_text_simple
FN:147,_RNvNtNtNtCs9i5LKM2uyYZ_14whisper_hotkey5input7cgevent5testss_24test_insert_text_unicode
FN:187,_RNvNtNtNtCs9i5LKM2uyYZ_14whisper_hotkey5input7cgevent5testss_24test_multiple_insertions
FN:155,_RNvNtNtNtCs9i5LKM2uyYZ_14whisper_hotkey5input7cgevent5testss_26test_insert_text_multiline
FN:218,_RNvNtNtNtCs9i5LKM2uyYZ_14whisper_hotkey5input7cgevent5testss_26test_utf16_encoding_emojis
FN:233,_RNvNtNtNtCs9i5LKM2uyYZ_14whisper_hotkey5input7cgevent5testss_26test_utf16_encoding_polish
FN:180,_RNvNtNtNtCs9i5LKM2uyYZ_14whisper_hotkey5input7cgevent5testss_28test_insert_text_safe_simple
FN:172,_RNvNtNtNtCs9i5LKM2uyYZ_14whisper_hotkey5input7cgevent5testss_30test_insert_text_special_chars
FN:196,_RNvNtNtNtCs9i5LKM2uyYZ_14whisper_hotkey5input7cgevent5testss_31test_insert_text_polish_unicode
FN:204,_RNvNtNtNtCs9i5LKM2uyYZ_14whisper_hotkey5input7cgevent5testss_32test_insert_text_mixed_languages
FN:243,_RNvNtNtNtCs9i5LKM2uyYZ_14whisper_hotkey5input7cgevent5testss_37test_utf16_encoding_newlines_and_tabs
FN:132,_RNvNtNtNtCs9i5LKM2uyYZ_14whisper_hotkey5input7cgevent5testss_41test_insert_text_safe_empty_returns_false
FN:211,_RNvNtNtNtCs9i5LKM2uyYZ_14whisper_hotkey5input7cgevent5testss_41test_insert_text_safe_with_non_empty_text
FN:63,_RNCNvNtNtCs9i5LKM2uyYZ_14whisper_hotkey5input7cgevent11insert_text0B7_
FN:72,_RNCNvNtNtCs9i5LKM2uyYZ_14whisper_hotkey5input7cgevent11insert_texts_0B7_
FN:253,_RNCNvNtNtNtCs9i5LKM2uyYZ_14whisper_hotkey5input7cgevent5testss_37test_utf16_encoding_newlines_and_tabs0B9_
FNDA:0,_RNCNvNtNtCs6sszmBaHWoq_14whisper_hotkey5input7cgevent11insert_text0B7_
FNDA:0,_RNCNvNtNtCs6sszmBaHWoq_14whisper_hotkey5input7cgevent11insert_texts_0B7_
FNDA:0,_RNvNtNtCs6sszmBaHWoq_14whisper_hotkey5input7cgevent11insert_text
FNDA:0,_RNvNtNtCs6sszmBaHWoq_14whisper_hotkey5input7cgevent16insert_text_safe
FNDA:18,_RNCNvNtNtNtCsk8CzJajUs6E_14whisper_hotkey5input7cgevent5testss_37test_utf16_encoding_newlines_and_tabs0B9_
FNDA:3,_RNvNtNtCsk8CzJajUs6E_14whisper_hotkey5input7cgevent11insert_text
FNDA:2,_RNvNtNtCsk8CzJajUs6E_14whisper_hotkey5input7cgevent16insert_text_safe
FNDA:0,_RNCNvNtNtCsk8CzJajUs6E_14whisper_hotkey5input7cgevent11insert_text0B7_
FNDA:0,_RNCNvNtNtCsk8CzJajUs6E_14whisper_hotkey5input7cgevent11insert_texts_0B7_
FNDA:0,_RNvNtNtNtCsk8CzJajUs6E_14whisper_hotkey5input7cgevent5testss_21test_insert_text_long
FNDA:1,_RNvNtNtNtCsk8CzJajUs6E_14whisper_hotkey5input7cgevent5testss_22test_insert_text_empty
FNDA:0,_RNvNtNtNtCsk8CzJajUs6E_14whisper_hotkey5input7cgevent5testss_23test_insert_text_simple
FNDA:0,_RNvNtNtNtCsk8CzJajUs6E_14whisper_hotkey5input7cgevent5testss_24test_insert_text_unicode
FNDA:0,_RNvNtNtNtCsk8CzJajUs6E_14whisper_hotkey5input7cgevent5testss_24test_multiple_insertions
FNDA:0,_RNvNtNtNtCsk8CzJajUs6E_14whisper_hotkey5input7cgevent5testss_26test_insert_text_multiline
FNDA:1,_RNvNtNtNtCsk8CzJajUs6E_14whisper_hotkey5input7cgevent5testss_26test_utf16_encoding_emojis
FNDA:1,_RNvNtNtNtCsk8CzJajUs6E_14whisper_hotkey5input7cgevent5testss_26test_utf16_encoding_polish
FNDA:0,_RNvNtNtNtCsk8CzJajUs6E_14whisper_hotkey5input7cgevent5testss_28test_insert_text_safe_simple
FNDA:0,_RNvNtNtNtCsk8CzJajUs6E_14whisper_hotkey5input7cgevent5testss_30test_insert_text_special_chars
FNDA:0,_RNvNtNtNtCsk8CzJajUs6E_14whisper_hotkey5input7cgevent5testss_31test_insert_text_polish_unicode
FNDA:0,_RNvNtNtNtCsk8CzJajUs6E_14whisper_hotkey5input7cgevent5testss_32test_insert_text_mixed_languages
FNDA:1,_RNvNtNtNtCsk8CzJajUs6E_14whisper_hotkey5input7cgevent5testss_37test_utf16_encoding_newlines_and_tabs
FNDA:1,_RNvNtNtNtCsk8CzJajUs6E_14whisper_hotkey5input7cgevent5testss_41test_insert_text_safe_empty_returns_false
FNDA:1,_RNvNtNtNtCsk8CzJajUs6E_14whisper_hotkey5input7cgevent5testss_41test_insert_text_safe_with_non_empty_text
FNDA:0,_RNvNtNtCs5geUDWTBgK1_14whisper_hotkey5input7cgevent11insert_text
FNDA:0,_RNvNtNtCs5geUDWTBgK1_14whisper_hotkey5input7cgevent16insert_text_safe
FNDA:0,_RNCNvNtNtCs5geUDWTBgK1_14whisper_hotkey5input7cgevent11insert_text0B7_
FNDA:0,_RNCNvNtNtCs5geUDWTBgK1_14whisper_hotkey5input7cgevent11insert_texts_0B7_
FNDA:3,_RNvNtNtCs9i5LKM2uyYZ_14whisper_hotkey5input7cgevent11insert_text
FNDA:2,_RNvNtNtCs9i5LKM2uyYZ_14whisper_hotkey5input7cgevent16insert_text_safe
FNDA:0,_RNvNtNtNtCs9i5LKM2uyYZ_14whisper_hotkey5input7cgevent5testss_21test_insert_text_long
FNDA:1,_RNvNtNtNtCs9i5LKM2uyYZ_14whisper_hotkey5input7cgevent5testss_22test_insert_text_empty
FNDA:0,_RNvNtNtNtCs9i5LKM2uyYZ_14whisper_hotkey5input7cgevent5testss_23test_insert_text_simple
FNDA:0,_RNvNtNtNtCs9i5LKM2uyYZ_14whisper_hotkey5input7cgevent5testss_24test_insert_text_unicode
FNDA:0,_RNvNtNtNtCs9i5LKM2uyYZ_14whisper_hotkey5input7cgevent5testss_24test_multiple_insertions
FNDA:0,_RNvNtNtNtCs9i5LKM2uyYZ_14whisper_hotkey5input7cgevent5testss_26test_insert_text_multiline
FNDA:1,_RNvNtNtNtCs9i5LKM2uyYZ_14whisper_hotkey5input7cgevent5testss_26test_utf16_encoding_emojis
FNDA:1,_RNvNtNtNtCs9i5LKM2uyYZ_14whisper_hotkey5input7cgevent5testss_26test_utf16_encoding_polish
FNDA:0,_RNvNtNtNtCs9i5LKM2uyYZ_14whisper_hotkey5input7cgevent5testss_28test_insert_text_safe_simple
FNDA:0,_RNvNtNtNtCs9i5LKM2uyYZ_14whisper_hotkey5input7cgevent5testss_30test_insert_text_special_chars
FNDA:0,_RNvNtNtNtCs9i5LKM2uyYZ_14whisper_hotkey5input7cgevent5testss_31test_insert_text_polish_unicode
FNDA:0,_RNvNtNtNtCs9i5LKM2uyYZ_14whisper_hotkey5input7cgevent5testss_32test_insert_text_mixed_languages
FNDA:1,_RNvNtNtNtCs9i5LKM2uyYZ_14whisper_hotkey5input7cgevent5testss_37test_utf16_encoding_newlines_and_tabs
FNDA:1,_RNvNtNtNtCs9i5LKM2uyYZ_14whisper_hotkey5input7cgevent5testss_41test_insert_text_safe_empty_returns_false
FNDA:1,_RNvNtNtNtCs9i5LKM2uyYZ_14whisper_hotkey5input7cgevent5testss_41test_insert_text_safe_with_non_empty_text
FNDA:0,_RNCNvNtNtCs9i5LKM2uyYZ_14whisper_hotkey5input7cgevent11insert_text0B7_
FNDA:0,_RNCNvNtNtCs9i5LKM2uyYZ_14whisper_hotkey5input7cgevent11insert_texts_0B7_
FNDA:18,_RNCNvNtNtNtCs9i5LKM2uyYZ_14whisper_hotkey5input7cgevent5testss_37test_utf16_encoding_newlines_and_tabs0B9_
FNF:20
FNH:9
DA:42,6
DA:43,6
DA:44,4
DA:45,4
DA:46,2
DA:48,2
DA:49,0
DA:51,2
DA:54,2
DA:55,0
DA:57,0
DA:61,2
DA:62,2
DA:63,2
DA:64,0
DA:65,0
DA:66,0
DA:67,0
DA:68,2
DA:71,2
DA:72,2
DA:73,0
DA:74,0
DA:75,0
DA:76,2
DA:83,2
DA:84,2
DA:85,2
DA:86,2
DA:91,2
DA:92,2
DA:94,2
DA:95,0
DA:97,0
DA:99,2
DA:100,0
DA:103,2
DA:104,6
DA:110,4
DA:111,4
DA:112,2
DA:113,2
DA:114,2
DA:115,2
DA:118,4
DA:125,2
DA:126,2
DA:127,2
DA:128,2
DA:129,2
DA:132,2
DA:133,2
DA:134,2
DA:135,2
DA:139,0
DA:141,0
DA:142,0
DA:143,0
DA:147,0
DA:149,0
DA:150,0
DA:151,0
DA:155,0
DA:157,0
DA:158,0
DA:159,0
DA:163,0
DA:165,0
DA:166,0
DA:167,0
DA:168,0
DA:172,0
DA:174,0
DA:175,0
DA:176,0
DA:180,0
DA:181,0
DA:182,0
DA:183,0
DA:187,0
DA:189,0
DA:190,0
DA:191,0
DA:192,0
DA:196,0
DA:198,0
DA:199,0
DA:200,0
DA:204,0
DA:206,0
DA:207,0
DA:208,0
DA:211,2
DA:214,2
DA:215,2
DA:218,2
DA:220,2
DA:221,2
DA:225,2
DA:229,2
DA:230,2
DA:233,2
DA:235,2
DA:239,2
DA:240,2
DA:243,2
DA:245,2
DA:246,2
DA:249,2
DA:252,2
DA:253,36
DA:254,2
DA:255,2
DA:256,2
DA:257,2
BRF:0
BRH:0
LF:120
LH:65
end_of_record
SF:/Users/marcin.skalski@konghq.com/sideprojects/whisper-hotkey/src/input/hotkey.rs
FN:111,_RNvMNtNtCs6sszmBaHWoq_14whisper_hotkey5input6hotkeyNtB2_13HotkeyManager10on_release
FN:245,_RNvMNtNtCs6sszmBaHWoq_14whisper_hotkey5input6hotkeyNtB2_13HotkeyManager12handle_event
FN:66,_RNvMNtNtCs6sszmBaHWoq_14whisper_hotkey5input6hotkeyNtB2_13HotkeyManager12state_shared
FN:169,_RNvMNtNtCs6sszmBaHWoq_14whisper_hotkey5input6hotkeyNtB2_13HotkeyManager14save_debug_wav
FN:256,_RNvMNtNtCs6sszmBaHWoq_14whisper_hotkey5input6hotkeyNtB2_13HotkeyManager15parse_modifiers
FN:188,_RNvMNtNtCs6sszmBaHWoq_14whisper_hotkey5input6hotkeyNtB2_13HotkeyManager21process_transcription
FN:39,_RNvMNtNtCs6sszmBaHWoq_14whisper_hotkey5input6hotkeyNtB2_13HotkeyManager3new
FN:71,_RNvMNtNtCs6sszmBaHWoq_14whisper_hotkey5input6hotkeyNtB2_13HotkeyManager8on_press
FN:270,_RNvMNtNtCs6sszmBaHWoq_14whisper_hotkey5input6hotkeyNtB2_13HotkeyManager9parse_key
FN:172,_RNCNvMNtNtCs6sszmBaHWoq_14whisper_hotkey5input6hotkeyNtB4_13HotkeyManager14save_debug_wav0B8_
FN:174,_RNCNvMNtNtCs6sszmBaHWoq_14whisper_hotkey5input6hotkeyNtB4_13HotkeyManager14save_debug_wavs_0B8_
FN:193,_RNCNvMNtNtCs6sszmBaHWoq_14whisper_hotkey5input6hotkeyNtB4_13HotkeyManager21process_transcription0B8_
FN:304,_RNvXs_NtNtCs6sszmBaHWoq_14whisper_hotkey5input6hotkeyNtB4_13HotkeyManagerNtNtNtCs85QQFkKrybG_4core3ops4drop4Drop4drop
FN:516,_RINvMs4_NtNtNtNtNtNtCsk8CzJajUs6E_14whisper_hotkey5input6hotkey5tests10mock_tests41___mock_MockAudioCapture_AudioCaptureTrait16___stop_recordingNtB6_6Common5withfpEBi_
FN:516,_RINvMs4_NtNtNtNtNtNtCsk8CzJajUs6E_14whisper_hotkey5input6hotkey5tests10mock_tests41___mock_MockAudioCapture_AudioCaptureTrait16___stop_recordingNtB6_6Common8withf_stpEBi_
FN:516,_RINvMs4_NtNtNtNtNtNtCsk8CzJajUs6E_14whisper_hotkey5input6hotkey5tests10mock_tests41___mock_MockAudioCapture_AudioCaptureTrait17___start_recordingNtB6_6Common5withfpEBi_
FN:516,_RINvMs4_NtNtNtNtNtNtCsk8CzJajUs6E_14whisper_hotkey5input6hotkey5tests10mock_tests41___mock_MockAudioCapture_AudioCaptureTrait17___start_recordingNtB6_6Common8withf_stpEBi_
FN:523,_RINvMs4_NtNtNtNtNtNtCsk8CzJajUs6E_14whisper_hotkey5input6hotkey5tests10mock_tests55___mock_MockTranscriptionEngine_TranscriptionEngineTrait12___transcribeNtB6_6Common5withfpEBi_
FN:523,_RINvMs4_NtNtNtNtNtNtCsk8CzJajUs6E_14whisper_hotkey5input6hotkey5tests10mock_tests55___mock_MockTranscriptionEngine_TranscriptionEngineTrait12___transcribeNtB6_6Common8withf_stpEBi_
FN:516,_RINvMs6_NtNtNtNtNtNtCsk8CzJajUs6E_14whisper_hotkey5input6hotkey5tests10mock_tests41___mock_MockAudioCapture_AudioCaptureTrait16___stop_recordingNtB6_11Expectation11return_oncepEBi_
FN:516,_RINvMs6_NtNtNtNtNtNtCsk8CzJajUs6E_14whisper_hotkey5input6hotkey5tests10mock_tests41___mock_MockAudioCapture_AudioCaptureTrait16___stop_recordingNtB6_11Expectation12return_constpEBi_
FN:516,_RINvMs6_NtNtNtNtNtNtCsk8CzJajUs6E_14whisper_hotkey5input6hotkey5tests10mock_tests41___mock_MockAudioCapture_AudioCaptureTrait16___stop_recordingNtB6_11Expectation12returning_stpEBi_
FN:516,_RINvMs6_NtNtNtNtNtNtCsk8CzJajUs6E_14whisper_hotkey5input6hotkey5tests10mock_tests41___mock_MockAudioCapture_AudioCaptureTrait16___stop_recordingNtB6_11Expectation14return_once_stpEBi_
FN:516,_RINvMs6_NtNtNtNtNtNtCsk8CzJajUs6E_14whisper_hotkey5input6hotkey5tests10mock_tests41___mock_MockAudioCapture_AudioCaptureTrait16___stop_recordingNtB6_11Expectation15return_const_stpEBi_
FN:516,_RINvMs6_NtNtNtNtNtNtCsk8CzJajUs6E_14whisper_hotkey5input6hotkey5tests10mock_tests41___mock_MockAudioCapture_AudioCaptureTrait16___stop_recordingNtB6_11Expectation5withfpEBi_
FN:516,_RINvMs6_NtNtNtNtNtNtCsk8CzJajUs6E_14whisper_hotkey5input6hotkey5tests10mock_tests41___mock_MockAudioCapture_AudioCaptureTrait16___stop_recordingNtB6_11Expectation8withf_stpEBi_
FN:516,_RINvMs6_NtNtNtNtNtNtCsk8CzJajUs6E_14whisper_hotkey5input6hotkey5tests10mock_tests41___mock_MockAudioCapture_AudioCaptureTrait17___start_recordingNtB6_11Expectation11return_oncepEBi_
FN:516,_RINvMs6_NtNtNtNtNtNtCsk8CzJajUs6E_14whisper_hotkey5input6hotkey5tests10mock_tests41___mock_MockAudioCapture_AudioCaptureTrait17___start_recordingNtB6_11Expectation12return_constpEBi_
FN:516,_RINvMs6_NtNtNtNtNtNtCsk8CzJajUs6E_14whisper_hotkey5input6hotkey5tests10mock_tests41___mock_MockAudioCapture_AudioCaptureTrait17___start_recordingNtB6_11Expectation12returning_stpEBi_
FN:516,_RINvMs6_NtNtNtNtNtNtCsk8CzJajUs6E_14whisper_hotkey5input6hotkey5tests10mock_tests41___mock_MockAudioCapture_AudioCaptureTrait17___start_recordingNtB6_11Expectation14return_once_stpEBi_
FN:516,_RINvMs6_NtNtNtNtNtNtCsk8CzJajUs6E_14whisper_hotkey5input6hotkey5tests10mock_tests41___mock_MockAudioCapture_AudioCaptureTrait17___start_recordingNtB6_11Expectation15return_const_stpEBi_
FN:516,_RINvMs6_NtNtNtNtNtNtCsk8CzJajUs6E_14whisper_hotkey5input6hotkey5tests10mock_tests41___mock_MockAudioCapture_AudioCaptureTrait17___start_recordingNtB6_11Expectation5withfpEBi_
FN:516,_RINvMs6_NtNtNtNtNtNtCsk8CzJajUs6E_14whisper_hotkey5input6hotkey5tests10mock_tests41___mock_MockAudioCapture_AudioCaptureTrait17___start_recordingNtB6_11Expectation8withf_stpEBi_
FN:523,_RINvMs6_NtNtNtNtNtNtCsk8CzJajUs6E_14whisper_hotkey5input6hotkey5tests10mock_tests55___mock_MockTranscriptionEngine_TranscriptionEngineTrait12___transcribeNtB6_11Expectation11return_oncepEBi_
FN:523,_RINvMs6_NtNtNtNtNtNtCsk8CzJajUs6E_14whisper_hotkey5input6hotkey5tests10mock_tests55___mock_MockTranscriptionEngine_TranscriptionEngineTrait12___transcribeNtB6_11Expectation12return_constpEBi_
FN:523,_RINvMs6_NtNtNtNtNtNtCsk8CzJajUs6E_14whisper_hotkey5input6hotkey5tests10mock_tests55___mock_MockTranscriptionEngine_TranscriptionEngineTrait12___transcribeNtB6_11Expectation12returning_stpEBi_
FN:523,_RINvMs6_NtNtNtNtNtNtCsk8CzJajUs6E_14whisper_hotkey5input6hotkey5tests10mock_tests55___mock_MockTranscriptionEngine_TranscriptionEngineTrait12___transcribeNtB6_11Expectation14return_once_stpEBi_
FN:523,_RINvMs6_NtNtNtNtNtNtCsk8CzJajUs6E_14whisper_hotkey5input6hotkey5tests10mock_tests55___mock_MockTranscriptionEngine_TranscriptionEngineTrait12___transcribeNtB6_11Expectation15return_const_stpEBi_
FN:523,_RINvMs6_NtNtNtNtNtNtCsk8CzJajUs6E_14whisper_hotkey5input6hotkey5tests10mock_tests55___mock_MockTranscriptionEngine_TranscriptionEngineTrait12___transcribeNtB6_11Expectation5withfpEBi_
FN:523,_RINvMs6_NtNtNtNtNtNtCsk8CzJajUs6E_14whisper_hotkey5input6hotkey5tests10mock_tests55___mock_MockTranscriptionEngine_TranscriptionEngineTrait12___transcribeNtB6_11Expectation8withf_stpEBi_
FN:516,_RNCINvMs6_NtNtNtNtNtNtCsk8CzJajUs6E_14whisper_hotkey5input6hotkey5tests10mock_tests41___mock_MockAudioCapture_AudioCaptureTrait16___stop_recordingNtB8_11Expectation12return_constpE0Bk_
FN:516,_RNCINvMs6_NtNtNtNtNtNtCsk8CzJajUs6E_14whisper_hotkey5input6hotkey5tests10mock_tests41___mock_MockAudioCapture_AudioCaptureTrait16___stop_recordingNtB8_11Expectation15return_const_stpE0Bk_
FN:516,_RNCINvMs6_NtNtNtNtNtNtCsk8CzJajUs6E_14whisper_hotkey5input6hotkey5tests10mock_tests41___mock_MockAudioCapture_AudioCaptureTrait17___start_recordingNtB8_11Expectation12return_constpE0Bk_
FN:516,_RNCINvMs6_NtNtNtNtNtNtCsk8CzJajUs6E_14whisper_hotkey5input6hotkey5tests10mock_tests41___mock_MockAudioCapture_AudioCaptureTrait17___start_recordingNtB8_11Expectation15return_const_stpE0Bk_
FN:523,_RNCINvMs6_NtNtNtNtNtNtCsk8CzJajUs6E_14whisper_hotkey5input6hotkey5tests10mock_tests55___mock_MockTranscriptionEngine_TranscriptionEngineTrait12___transcribeNtB8_11Expectation12return_constpE0Bk_
FN:523,_RNCINvMs6_NtNtNtNtNtNtCsk8CzJajUs6E_14whisper_hotkey5input6hotkey5tests10mock_tests55___mock_MockTranscriptionEngine_TranscriptionEngineTrait12___transcribeNtB8_11Expectation15return_const_stpE0Bk_
FN:172,_RNCNvMNtNtCsk8CzJajUs6E_14whisper_hotkey5input6hotkeyNtB4_13HotkeyManager14save_debug_wav0B8_
FN:174,_RNCNvMNtNtCsk8CzJajUs6E_14whisper_hotkey5input6hotkeyNtB4_13HotkeyManager14save_debug_wavs_0B8_
FN:193,_RNCNvMNtNtCsk8CzJajUs6E_14whisper_hotkey5input6hotkeyNtB4_13HotkeyManager21process_transcription0B8_
FN:111,_RNvMNtNtCsk8CzJajUs6E_14whisper_hotkey5input6hotkeyNtB2_13HotkeyManager10on_release
FN:245,_RNvMNtNtCsk8CzJajUs6E_14whisper_hotkey5input6hotkeyNtB2_13HotkeyManager12handle_event
FN:66,_RNvMNtNtCsk8CzJajUs6E_14whisper_hotkey5input6hotkeyNtB2_13HotkeyManager12state_shared
FN:169,_RNvMNtNtCsk8CzJajUs6E_14whisper_hotkey5input6hotkeyNtB2_13HotkeyManager14save_debug_wav
FN:188,_RNvMNtNtCsk8CzJajUs6E_14whisper_hotkey5input6hotkeyNtB2_13HotkeyManager21process_transcription
FN:39,_RNvMNtNtCsk8CzJajUs6E_14whisper_hotkey5input6hotkeyNtB2_13HotkeyManager3new
FN:71,_RNvMNtNtCsk8CzJajUs6E_14whisper_hotkey5input6hotkeyNtB2_13HotkeyManager8on_press
FN:516,_RNvMs1_NtNtNtNtCsk8CzJajUs6E_14whisper_hotkey5input6hotkey5tests10mock_testsNtB5_34MockAudioCapture_AudioCaptureTrait10checkpoint
FN:516,_RNvMs2_NtNtNtNtCsk8CzJajUs6E_14whisper_hotkey5input6hotkey5tests10mock_testsNtB5_16MockAudioCapture10checkpoint
FN:510,_RNvMs4_NtNtNtNtNtNtCsk8CzJajUs6E_14whisper_hotkey5input6hotkey5tests10mock_tests41___mock_MockAudioCapture_AudioCaptureTrait16___stop_recordingNtB5_6Common11in_sequence
FN:516,_RNvMs4_NtNtNtNtNtNtCsk8CzJajUs6E_14whisper_hotkey5input6hotkey5tests10mock_tests41___mock_MockAudioCapture_AudioCaptureTrait16___stop_recordingNtB5_6Common4with
FN:516,_RNvMs4_NtNtNtNtNtNtCsk8CzJajUs6E_14whisper_hotkey5input6hotkey5tests10mock_tests41___mock_MockAudioCapture_AudioCaptureTrait16___stop_recordingNtB5_6Common5never
FN:510,_RNvMs4_NtNtNtNtNtNtCsk8CzJajUs6E_14whisper_hotkey5input6hotkey5tests10mock_tests41___mock_MockAudioCapture_AudioCaptureTrait17___start_recordingNtB5_6Common11in_sequence
FN:516,_RNvMs4_NtNtNtNtNtNtCsk8CzJajUs6E_14whisper_hotkey5input6hotkey5tests10mock_tests41___mock_MockAudioCapture_AudioCaptureTrait17___start_recordingNtB5_6Common4with
FN:516,_RNvMs4_NtNtNtNtNtNtCsk8CzJajUs6E_14whisper_hotkey5input6hotkey5tests10mock_tests41___mock_MockAudioCapture_AudioCaptureTrait17___start_recordingNtB5_6Common5never
FN:518,_RNvMs4_NtNtNtNtNtNtCsk8CzJajUs6E_14whisper_hotkey5input6hotkey5tests10mock_tests55___mock_MockTranscriptionEngine_TranscriptionEngineTrait12___transcribeNtB5_6Common11in_sequence
FN:523,_RNvMs4_NtNtNtNtNtNtCsk8CzJajUs6E_14whisper_hotkey5input6hotkey5tests10mock_tests55___mock_MockTranscriptionEngine_TranscriptionEngineTrait12___transcribeNtB5_6Common5never
FN:516,_RNvMs6_NtNtNtNtNtNtCsk8CzJajUs6E_14whisper_hotkey5input6hotkey5tests10mock_tests41___mock_MockAudioCapture_AudioCaptureTrait16___stop_recordingNtB5_11Expectation11in_sequence
FN:516,_RNvMs6_NtNtNtNtNtNtCsk8CzJajUs6E_14whisper_hotkey5input6hotkey5tests10mock_tests41___mock_MockAudioCapture_AudioCaptureTrait16___stop_recordingNtB5_11Expectation3new
FN:516,_RNvMs6_NtNtNtNtNtNtCsk8CzJajUs6E_14whisper_hotkey5input6hotkey5tests10mock_tests41___mock_MockAudioCapture_AudioCaptureTrait16___stop_recordingNtB5_11Expectation4once
FN:516,_RNvMs6_NtNtNtNtNtNtCsk8CzJajUs6E_14whisper_hotkey5input6hotkey5tests10mock_tests41___mock_MockAudioCapture_AudioCaptureTrait16___stop_recordingNtB5_11Expectation4with
FN:516,_RNvMs6_NtNtNtNtNtNtCsk8CzJajUs6E_14whisper_hotkey5input6hotkey5tests10mock_tests41___mock_MockAudioCapture_AudioCaptureTrait16___stop_recordingNtB5_11Expectation5never
FN:516,_RNvMs6_NtNtNtNtNtNtCsk8CzJajUs6E_14whisper_hotkey5input6hotkey5tests10mock_tests41___mock_MockAudioCapture_AudioCaptureTrait17___start_recordingNtB5_11Expectation11in_sequence
FN:516,_RNvMs6_NtNtNtNtNtNtCsk8CzJajUs6E_14whisper_hotkey5input6hotkey5tests10mock_tests41___mock_MockAudioCapture_AudioCaptureTrait17___start_recordingNtB5_11Expectation3new
FN:516,_RNvMs6_NtNtNtNtNtNtCsk8CzJajUs6E_14whisper_hotkey5input6hotkey5tests10mock_tests41___mock_MockAudioCapture_AudioCaptureTrait17___start_recordingNtB5_11Expectation4once
FN:516,_RNvMs6_NtNtNtNtNtNtCsk8CzJajUs6E_14whisper_hotkey5input6hotkey5tests10mock_tests41___mock_MockAudioCapture_AudioCaptureTrait17___start_recordingNtB5_11Expectation4with
FN:516,_RNvMs6_NtNtNtNtNtNtCsk8CzJajUs6E_14whisper_hotkey5input6hotkey5tests10mock_tests41___mock_MockAudioCapture_AudioCaptureTrait17___start_recordingNtB5_11Expectation5never
FN:523,_RNvMs6_NtNtNtNtNtNtCsk8CzJajUs6E_14whisper_hotkey5input6hotkey5tests10mock_tests55___mock_MockTranscriptionEngine_TranscriptionEngineTrait12___transcribeNtB5_11Expectation11in_sequence
FN:523,_RNvMs6_NtNtNtNtNtNtCsk8CzJajUs6E_14whisper_hotkey5input6hotkey5tests10mock_tests55___mock_MockTranscriptionEngine_TranscriptionEngineTrait12___transcribeNtB5_11Expectation3new
FN:523,_RNvMs6_NtNtNtNtNtNtCsk8CzJajUs6E_14whisper_hotkey5input6hotkey5tests10mock_tests55___mock_MockTranscriptionEngine_TranscriptionEngineTrait12___transcribeNtB5_11Expectation4once
FN:523,_RNvMs6_NtNtNtNtNtNtCsk8CzJajUs6E_14whisper_hotkey5input6hotkey5tests10mock_tests55___mock_MockTranscriptionEngine_TranscriptionEngineTrait12___transcribeNtB5_11Expectation5never
FN:523,_RNvMs7_NtNtNtNtCsk8CzJajUs6E_14whisper_hotkey5input6hotkey5tests10mock_testsNtB5_48MockTranscriptionEngine_TranscriptionEngineTrait10checkpoint
FN:523,_RNvMs8_NtNtNtNtCsk8CzJajUs6E_14whisper_hotkey5input6hotkey5tests10mock_testsNtB5_23MockTranscriptionEngine10checkpoint
FN:516,_RNvMs8_NtNtNtNtNtNtCsk8CzJajUs6E_14whisper_hotkey5input6hotkey5tests10mock_tests41___mock_MockAudioCapture_AudioCaptureTrait16___stop_recordingNtB5_12Expectations10checkpoint
FN:516,_RNvMs8_NtNtNtNtNtNtCsk8CzJajUs6E_14whisper_hotkey5input6hotkey5tests10mock_tests41___mock_MockAudioCapture_AudioCaptureTrait17___start_recordingNtB5_12Expectations10checkpoint
FN:523,_RNvMs8_NtNtNtNtNtNtCsk8CzJajUs6E_14whisper_hotkey5input6hotkey5tests10mock_tests55___mock_MockTranscriptionEngine_TranscriptionEngineTrait12___transcribeNtB5_12Expectations10checkpoint
FN:304,_RNvXs_NtNtCsk8CzJajUs6E_14whisper_hotkey5input6hotkeyNtB4_13HotkeyManagerNtNtNtCs85QQFkKrybG_4core3ops4drop4Drop4drop
FN:840,_RNCNvNtNtNtNtCsk8CzJajUs6E_14whisper_hotkey5input6hotkey5tests10mock_testss_30test_debug_wav_path_formatting0Bb_
FN:842,_RNCNvNtNtNtNtCsk8CzJajUs6E_14whisper_hotkey5input6hotkey5tests10mock_testss_30test_debug_wav_path_formattings_0Bb_
FN:708,_RNCNvNtNtNtNtCsk8CzJajUs6E_14whisper_hotkey5input6hotkey5tests10mock_testss_32test_on_release_with_audio_error0Bb_
FN:712,_RNCNvNtNtNtNtCsk8CzJajUs6E_14whisper_hotkey5input6hotkey5tests10mock_testss_32test_on_release_with_audio_errors_0Bb_
FN:689,_RNCNvNtNtNtNtCsk8CzJajUs6E_14whisper_hotkey5input6hotkey5tests10mock_testss_34test_on_release_with_empty_samples0Bb_
FN:693,_RNCNvNtNtNtNtCsk8CzJajUs6E_14whisper_hotkey5input6hotkey5tests10mock_testss_34test_on_release_with_empty_sampless_0Bb_
FN:753,_RNCNvNtNtNtNtCsk8CzJajUs6E_14whisper_hotkey5input6hotkey5tests10mock_testss_34test_process_transcription_failure0Bb_
FN:763,_RNCNvNtNtNtNtCsk8CzJajUs6E_14whisper_hotkey5input6hotkey5tests10mock_testss_34test_process_transcription_failures0_0Bb_
FN:757,_RNCNvNtNtNtNtCsk8CzJajUs6E_14whisper_hotkey5input6hotkey5tests10mock_testss_34test_process_transcription_failures_0Bb_
FN:727,_RNCNvNtNtNtNtCsk8CzJajUs6E_14whisper_hotkey5input6hotkey5tests10mock_testss_34test_process_transcription_success0Bb_
FN:738,_RNCNvNtNtNtNtCsk8CzJajUs6E_14whisper_hotkey5input6hotkey5tests10mock_testss_34test_process_transcription_successs0_0Bb_
FN:731,_RNCNvNtNtNtNtCsk8CzJajUs6E_14whisper_hotkey5input6hotkey5tests10mock_testss_34test_process_transcription_successs_0Bb_
FN:628,_RNCNvNtNtNtNtCsk8CzJajUs6E_14whisper_hotkey5input6hotkey5tests10mock_testss_36test_on_press_from_recording_ignored0Bb_
FN:807,_RNCNvNtNtNtNtCsk8CzJajUs6E_14whisper_hotkey5input6hotkey5tests10mock_testss_36test_process_transcription_no_engine0Bb_
FN:811,_RNCNvNtNtNtNtCsk8CzJajUs6E_14whisper_hotkey5input6hotkey5tests10mock_testss_36test_process_transcription_no_engines_0Bb_
FN:782,_RNCNvNtNtNtNtCsk8CzJajUs6E_14whisper_hotkey5input6hotkey5tests10mock_testss_37test_process_transcription_empty_text0Bb_
FN:792,_RNCNvNtNtNtNtCsk8CzJajUs6E_14whisper_hotkey5input6hotkey5tests10mock_testss_37test_process_transcription_empty_texts0_0Bb_
FN:786,_RNCNvNtNtNtNtCsk8CzJajUs6E_14whisper_hotkey5input6hotkey5tests10mock_testss_37test_process_transcription_empty_texts_0Bb_
FN:613,_RNCNvNtNtNtNtCsk8CzJajUs6E_14whisper_hotkey5input6hotkey5tests10mock_testss_40test_on_press_from_idle_starts_recording0Bb_
FN:826,_RNCNvNtNtNtNtCsk8CzJajUs6E_14whisper_hotkey5input6hotkey5tests10mock_testss_40test_on_press_with_start_recording_error0Bb_
FN:654,_RNCNvNtNtNtNtCsk8CzJajUs6E_14whisper_hotkey5input6hotkey5tests10mock_testss_52test_on_release_from_recording_stops_and_transcribes0Bb_
FN:664,_RNCNvNtNtNtNtCsk8CzJajUs6E_14whisper_hotkey5input6hotkey5tests10mock_testss_52test_on_release_from_recording_stops_and_transcribess0_0Bb_
FN:658,_RNCNvNtNtNtNtCsk8CzJajUs6E_14whisper_hotkey5input6hotkey5tests10mock_testss_52test_on_release_from_recording_stops_and_transcribess_0Bb_
FN:516,_RNvXs5_NtNtNtNtNtNtCsk8CzJajUs6E_14whisper_hotkey5input6hotkey5tests10mock_tests41___mock_MockAudioCapture_AudioCaptureTrait16___stop_recordingNtB5_6CommonNtNtNtCs85QQFkKrybG_4core3ops4drop4Drop4drop
FN:516,_RNvXs5_NtNtNtNtNtNtCsk8CzJajUs6E_14whisper_hotkey5input6hotkey5tests10mock_tests41___mock_MockAudioCapture_AudioCaptureTrait17___start_recordingNtB5_6CommonNtNtNtCs85QQFkKrybG_4core3ops4drop4Drop4drop
FN:523,_RNvXs5_NtNtNtNtNtNtCsk8CzJajUs6E_14whisper_hotkey5input6hotkey5tests10mock_tests55___mock_MockTranscriptionEngine_TranscriptionEngineTrait12___transcribeNtB5_6CommonNtNtNtCs85QQFkKrybG_4core3ops4drop4Drop4drop
FN:568,_RNvMNtNtNtNtCsk8CzJajUs6E_14whisper_hotkey5input6hotkey5tests10mock_testsNtB2_17TestHotkeyManager10on_release
FN:533,_RNvMNtNtNtNtCsk8CzJajUs6E_14whisper_hotkey5input6hotkey5tests10mock_testsNtB2_17TestHotkeyManager3new
FN:544,_RNvMNtNtNtNtCsk8CzJajUs6E_14whisper_hotkey5input6hotkey5tests10mock_testsNtB2_17TestHotkeyManager8on_press
FN:602,_RNvMNtNtNtNtCsk8CzJajUs6E_14whisper_hotkey5input6hotkey5tests10mock_testsNtB2_17TestHotkeyManager9get_state
FN:516,_RNvMs2_NtNtNtNtCsk8CzJajUs6E_14whisper_hotkey5input6hotkey5tests10mock_testsNtB5_16MockAudioCapture3new
FN:516,_RNvMs4_NtNtNtNtCsk8CzJajUs6E_14whisper_hotkey5input6hotkey5tests10mock_testsNtB5_16MockAudioCapture21expect_stop_recording
FN:516,_RNvMs4_NtNtNtNtCsk8CzJajUs6E_14whisper_hotkey5input6hotkey5tests10mock_testsNtB5_16MockAudioCapture22expect_start_recording
FN:523,_RNvMs8_NtNtNtNtCsk8CzJajUs6E_14whisper_hotkey5input6hotkey5tests10mock_testsNtB5_23MockTranscriptionEngine3new
FN:523,_RNvMsa_NtNtNtNtCsk8CzJajUs6E_14whisper_hotkey5input6hotkey5tests10mock_testsNtB5_23MockTranscriptionEngine17expect_transcribe
FN:836,_RNvNtNtNtNtCsk8CzJajUs6E_14whisper_hotkey5input6hotkey5tests10mock_testss_30test_debug_wav_path_formatting
FN:703,_RNvNtNtNtNtCsk8CzJajUs6E_14whisper_hotkey5input6hotkey5tests10mock_testss_32test_on_release_with_audio_error
FN:674,_RNvNtNtNtNtCsk8CzJajUs6E_14whisper_hotkey5input6hotkey5tests10mock_testss_33test_on_release_from_idle_ignored
FN:684,_RNvNtNtNtNtCsk8CzJajUs6E_14whisper_hotkey5input6hotkey5tests10mock_testss_34test_on_release_with_empty_samples
FN:748,_RNvNtNtNtNtCsk8CzJajUs6E_14whisper_hotkey5input6hotkey5tests10mock_testss_34test_process_transcription_failure
FN:722,_RNvNtNtNtNtCsk8CzJajUs6E_14whisper_hotkey5input6hotkey5tests10mock_testss_34test_process_transcription_success
FN:623,_RNvNtNtNtNtCsk8CzJajUs6E_14whisper_hotkey5input6hotkey5tests10mock_testss_36test_on_press_from_recording_ignored
FN:802,_RNvNtNtNtNtCsk8CzJajUs6E_14whisper_hotkey5input6hotkey5tests10mock_testss_36test_process_transcription_no_engine
FN:639,_RNvNtNtNtNtCsk8CzJajUs6E_14whisper_hotkey5input6hotkey5tests10mock_testss_37test_on_press_from_processing_ignored
FN:777,_RNvNtNtNtNtCsk8CzJajUs6E_14whisper_hotkey5input6hotkey5tests10mock_testss_37test_process_transcription_empty_text
FN:608,_RNvNtNtNtNtCsk8CzJajUs6E_14whisper_hotkey5input6hotkey5tests10mock_testss_40test_on_press_from_idle_starts_recording
FN:821,_RNvNtNtNtNtCsk8CzJajUs6E_14whisper_hotkey5input6hotkey5tests10mock_testss_40test_on_press_with_start_recording_error
FN:649,_RNvNtNtNtNtCsk8CzJajUs6E_14whisper_hotkey5input6hotkey5tests10mock_testss_52test_on_release_from_recording_stops_and_transcribes
FN:516,_RNvXs0_NtNtNtNtCsk8CzJajUs6E_14whisper_hotkey5input6hotkey5tests10mock_testsNtB5_34MockAudioCapture_AudioCaptureTraitNtNtCs85QQFkKrybG_4core7default7Default7default
FN:516,_RNvXs3_NtNtNtNtCsk8CzJajUs6E_14whisper_hotkey5input6hotkey5tests10mock_testsNtB5_16MockAudioCaptureNtB5_17AudioCaptureTrait14stop_recording
FN:516,_RNvXs3_NtNtNtNtCsk8CzJajUs6E_14whisper_hotkey5input6hotkey5tests10mock_testsNtB5_16MockAudioCaptureNtB5_17AudioCaptureTrait15start_recording
FN:523,_RNvXs5_NtNtNtNtCsk8CzJajUs6E_14whisper_hotkey5input6hotkey5tests10mock_testsNtB5_23MockTranscriptionEngineNtNtCs85QQFkKrybG_4core7default7Default7default
FN:523,_RNvXs6_NtNtNtNtCsk8CzJajUs6E_14whisper_hotkey5input6hotkey5tests10mock_testsNtB5_48MockTranscriptionEngine_TranscriptionEngineTraitNtNtCs85QQFkKrybG_4core7default7Default7default
FN:523,_RNvXs9_NtNtNtNtCsk8CzJajUs6E_14whisper_hotkey5input6hotkey5tests10mock_testsNtB5_23MockTranscriptionEngineNtB5_24TranscriptionEngineTrait10transcribe
FN:516,_RNvXs_NtNtNtNtCsk8CzJajUs6E_14whisper_hotkey5input6hotkey5tests10mock_testsNtB4_16MockAudioCaptureNtNtCs85QQFkKrybG_4core7default7Default7default
FN:516,_RINvMs4_NtNtNtNtNtNtCsk8CzJajUs6E_14whisper_hotkey5input6hotkey5tests10mock_tests41___mock_MockAudioCapture_AudioCaptureTrait17___start_recordingNtB6_6Common5timesjEBi_
FN:516,_RINvMs6_NtNtNtNtNtNtCsk8CzJajUs6E_14whisper_hotkey5input6hotkey5tests10mock_tests41___mock_MockAudioCapture_AudioCaptureTrait17___start_recordingNtB6_11Expectation5timesjEBi_
FN:516,_RINvMs6_NtNtNtNtNtNtCsk8CzJajUs6E_14whisper_hotkey5input6hotkey5tests10mock_tests41___mock_MockAudioCapture_AudioCaptureTrait17___start_recordingNtB6_11Expectation9returningNCNvBa_s_32test_on_release_with_audio_error0EBi_
FN:516,_RINvMs6_NtNtNtNtNtNtCsk8CzJajUs6E_14whisper_hotkey5input6hotkey5tests10mock_tests41___mock_MockAudioCapture_AudioCaptureTrait17___start_recordingNtB6_11Expectation9returningNCNvBa_s_34test_on_release_with_empty_samples0EBi_
FN:516,_RINvMs6_NtNtNtNtNtNtCsk8CzJajUs6E_14whisper_hotkey5input6hotkey5tests10mock_tests41___mock_MockAudioCapture_AudioCaptureTrait17___start_recordingNtB6_11Expectation9returningNCNvBa_s_34test_process_transcription_failure0EBi_
FN:516,_RINvMs6_NtNtNtNtNtNtCsk8CzJajUs6E_14whisper_hotkey5input6hotkey5tests10mock_tests41___mock_MockAudioCapture_AudioCaptureTrait17___start_recordingNtB6_11Expectation9returningNCNvBa_s_34test_process_transcription_success0EBi_
FN:516,_RINvMs6_NtNtNtNtNtNtCsk8CzJajUs6E_14whisper_hotkey5input6hotkey5tests10mock_tests41___mock_MockAudioCapture_AudioCaptureTrait17___start_recordingNtB6_11Expectation9returningNCNvBa_s_36test_on_press_from_recording_ignored0EBi_
FN:516,_RINvMs6_NtNtNtNtNtNtCsk8CzJajUs6E_14whisper_hotkey5input6hotkey5tests10mock_tests41___mock_MockAudioCapture_AudioCaptureTrait17___start_recordingNtB6_11Expectation9returningNCNvBa_s_36test_process_transcription_no_engine0EBi_
FN:516,_RINvMs6_NtNtNtNtNtNtCsk8CzJajUs6E_14whisper_hotkey5input6hotkey5tests10mock_tests41___mock_MockAudioCapture_AudioCaptureTrait17___start_recordingNtB6_11Expectation9returningNCNvBa_s_37test_process_transcription_empty_text0EBi_
[...]
FNDA:2,_RNvMNtCsk8CzJajUs6E_14whisper_hotkey4trayNtB2_11TrayManager27format_label_with_checkmark
FNDA:0,_RNvMNtCsk8CzJajUs6E_14whisper_hotkey4trayNtB2_11TrayManager3new
FNDA:3,_RNvMNtCsk8CzJajUs6E_14whisper_hotkey4trayNtB2_11TrayManager9load_icon
FNDA:1,_RNCNvMNtCsk8CzJajUs6E_14whisper_hotkey4trayNtB4_11TrayManager10build_tray0B6_
FNDA:3,_RNCNvMNtCsk8CzJajUs6E_14whisper_hotkey4trayNtB4_11TrayManager15get_status_text0B6_
FNDA:0,_RNCNvMNtCsk8CzJajUs6E_14whisper_hotkey4trayNtB4_11TrayManager21update_icon_if_needed0B6_
FNDA:3,_RNCNvMNtCsk8CzJajUs6E_14whisper_hotkey4trayNtB4_11TrayManager9load_icon0B6_
FNDA:3,_RNCNvMNtCsk8CzJajUs6E_14whisper_hotkey4trayNtB4_11TrayManager9load_icons0_0B6_
FNDA:3,_RNCNvMNtCsk8CzJajUs6E_14whisper_hotkey4trayNtB4_11TrayManager9load_icons1_0B6_
FNDA:3,_RNCNvMNtCsk8CzJajUs6E_14whisper_hotkey4trayNtB4_11TrayManager9load_icons2_0B6_
FNDA:0,_RNCNvMNtCsk8CzJajUs6E_14whisper_hotkey4trayNtB4_11TrayManager9load_icons3_0B6_
FNDA:3,_RNCNvMNtCsk8CzJajUs6E_14whisper_hotkey4trayNtB4_11TrayManager9load_icons_0B6_
FNDA:1,_RNvNtNtCsk8CzJajUs6E_14whisper_hotkey4tray5tests18create_test_config
FNDA:1,_RNvNtNtCsk8CzJajUs6E_14whisper_hotkey4tray5tests23create_menu_test_config
FNDA:1,_RNvNtNtCsk8CzJajUs6E_14whisper_hotkey4tray5testss_19test_load_icon_idle
FNDA:1,_RNvNtNtCsk8CzJajUs6E_14whisper_hotkey4tray5testss_23test_is_hotkey_selected
FNDA:0,_RNvNtNtCsk8CzJajUs6E_14whisper_hotkey4tray5testss_23test_state_icon_changes
FNDA:1,_RNvNtNtCsk8CzJajUs6E_14whisper_hotkey4tray5testss_23test_tray_command_clone
FNDA:1,_RNvNtNtCsk8CzJajUs6E_14whisper_hotkey4tray5testss_23test_tray_command_debug
FNDA:1,_RNvNtNtCsk8CzJajUs6E_14whisper_hotkey4tray5testss_24test_load_icon_recording
FNDA:1,_RNvNtNtCsk8CzJajUs6E_14whisper_hotkey4tray5testss_25test_load_icon_processing
FNDA:1,_RNvNtNtCsk8CzJajUs6E_14whisper_hotkey4tray5testss_26test_build_menu_idle_state
FNDA:1,_RNvNtNtCsk8CzJajUs6E_14whisper_hotkey4tray5testss_26test_build_menu_none_state
FNDA:1,_RNvNtNtCsk8CzJajUs6E_14whisper_hotkey4tray5testss_26test_format_hotkey_display
FNDA:1,_RNvNtNtCsk8CzJajUs6E_14whisper_hotkey4tray5testss_26test_tray_command_variants
FNDA:1,_RNvNtNtCsk8CzJajUs6E_14whisper_hotkey4tray5testss_28test_build_tray_missing_icon
FNDA:1,_RNvNtNtCsk8CzJajUs6E_14whisper_hotkey4tray5testss_28test_parse_menu_event_models
FNDA:1,_RNvNtNtCsk8CzJajUs6E_14whisper_hotkey4tray5testss_29test_parse_menu_event_actions
FNDA:1,_RNvNtNtCsk8CzJajUs6E_14whisper_hotkey4tray5testss_29test_parse_menu_event_hotkeys
FNDA:1,_RNvNtNtCsk8CzJajUs6E_14whisper_hotkey4tray5testss_29test_parse_menu_event_threads
FNDA:1,_RNvNtNtCsk8CzJajUs6E_14whisper_hotkey4tray5testss_29test_parse_menu_event_unknown
FNDA:1,_RNvNtNtCsk8CzJajUs6E_14whisper_hotkey4tray5testss_30test_parse_menu_event_language
FNDA:0,_RNvNtNtCsk8CzJajUs6E_14whisper_hotkey4tray5testss_31test_build_menu_model_selection
FNDA:1,_RNvNtNtCsk8CzJajUs6E_14whisper_hotkey4tray5testss_31test_build_menu_recording_state
FNDA:0,_RNvNtNtCsk8CzJajUs6E_14whisper_hotkey4tray5testss_31test_build_tray_with_all_states
FNDA:1,_RNvNtNtCsk8CzJajUs6E_14whisper_hotkey4tray5testss_31test_parse_menu_event_beam_size
FNDA:0,_RNvNtNtCsk8CzJajUs6E_14whisper_hotkey4tray5testss_32test_build_menu_hotkey_selection
FNDA:1,_RNvNtNtCsk8CzJajUs6E_14whisper_hotkey4tray5testss_32test_build_menu_processing_state
FNDA:1,_RNvNtNtCsk8CzJajUs6E_14whisper_hotkey4tray5testss_32test_format_label_with_checkmark
FNDA:1,_RNvNtNtCsk8CzJajUs6E_14whisper_hotkey4tray5testss_32test_parse_menu_event_all_models
FNDA:0,_RNvNtNtCsk8CzJajUs6E_14whisper_hotkey4tray5testss_33test_build_menu_threads_selection
FNDA:1,_RNvNtNtCsk8CzJajUs6E_14whisper_hotkey4tray5testss_33test_parse_menu_event_all_hotkeys
FNDA:1,_RNvNtNtCsk8CzJajUs6E_14whisper_hotkey4tray5testss_33test_parse_menu_event_all_threads
FNDA:1,_RNvNtNtCsk8CzJajUs6E_14whisper_hotkey4tray5testss_33test_parse_menu_event_buffer_size
FNDA:0,_RNvNtNtCsk8CzJajUs6E_14whisper_hotkey4tray5testss_34test_build_menu_language_selection
FNDA:0,_RNvNtNtCsk8CzJajUs6E_14whisper_hotkey4tray5testss_35test_build_menu_beam_size_selection
FNDA:1,_RNvNtNtCsk8CzJajUs6E_14whisper_hotkey4tray5testss_35test_parse_menu_event_all_languages
FNDA:1,_RNvNtNtCsk8CzJajUs6E_14whisper_hotkey4tray5testss_35test_parse_menu_event_unknown_input
FNDA:1,_RNvNtNtCsk8CzJajUs6E_14whisper_hotkey4tray5testss_36test_parse_menu_event_all_beam_sizes
FNDA:1,_RNvNtNtCsk8CzJajUs6E_14whisper_hotkey4tray5testss_36test_parse_menu_event_with_checkmark
FNDA:1,_RNvNtNtCsk8CzJajUs6E_14whisper_hotkey4tray5testss_36test_tray_command_clone_all_variants
FNDA:0,_RNvNtNtCsk8CzJajUs6E_14whisper_hotkey4tray5testss_37test_build_menu_buffer_size_selection
FNDA:0,_RNvNtNtCsk8CzJajUs6E_14whisper_hotkey4tray5testss_38test_build_menu_preload_toggle_checked
FNDA:1,_RNvNtNtCsk8CzJajUs6E_14whisper_hotkey4tray5testss_38test_parse_menu_event_all_buffer_sizes
FNDA:1,_RNvNtNtCsk8CzJajUs6E_14whisper_hotkey4tray5testss_41test_parse_menu_event_checkmark_stripping
FNDA:1,_RNvNtNtCsk8CzJajUs6E_14whisper_hotkey4tray5testss_41test_parse_menu_event_toggles_and_actions
FNDA:0,_RNvNtNtCsk8CzJajUs6E_14whisper_hotkey4tray5testss_42test_build_menu_telemetry_toggle_unchecked
FNDA:0,_RNCNCNvNtNtCsk8CzJajUs6E_14whisper_hotkey4tray5testss_31test_build_menu_model_selection00B9_
FNDA:0,_RNCNCNvNtNtCsk8CzJajUs6E_14whisper_hotkey4tray5testss_32test_build_menu_hotkey_selection00B9_
FNDA:0,_RNCNCNvNtNtCsk8CzJajUs6E_14whisper_hotkey4tray5testss_33test_build_menu_threads_selection00B9_
FNDA:0,_RNCNCNvNtNtCsk8CzJajUs6E_14whisper_hotkey4tray5testss_33test_build_menu_threads_selections_00B9_
FNDA:0,_RNCNCNvNtNtCsk8CzJajUs6E_14whisper_hotkey4tray5testss_34test_build_menu_language_selection00B9_
FNDA:0,_RNCNCNvNtNtCsk8CzJajUs6E_14whisper_hotkey4tray5testss_34test_build_menu_language_selections1_00B9_
FNDA:0,_RNCNCNvNtNtCsk8CzJajUs6E_14whisper_hotkey4tray5testss_35test_build_menu_beam_size_selection00B9_
FNDA:0,_RNCNCNvNtNtCsk8CzJajUs6E_14whisper_hotkey4tray5testss_35test_build_menu_beam_size_selections_00B9_
FNDA:0,_RNCNCNvNtNtCsk8CzJajUs6E_14whisper_hotkey4tray5testss_37test_build_menu_buffer_size_selection00B9_
FNDA:0,_RNCNCNvNtNtCsk8CzJajUs6E_14whisper_hotkey4tray5testss_38test_build_menu_preload_toggle_checked00B9_
FNDA:0,_RNCNCNvNtNtCsk8CzJajUs6E_14whisper_hotkey4tray5testss_42test_build_menu_telemetry_toggle_unchecked00B9_
FNDA:0,_RNCNvNtNtCsk8CzJajUs6E_14whisper_hotkey4tray5testss_31test_build_menu_model_selection0B7_
FNDA:0,_RNCNvNtNtCsk8CzJajUs6E_14whisper_hotkey4tray5testss_31test_build_menu_model_selections0_0B7_
FNDA:0,_RNCNvNtNtCsk8CzJajUs6E_14whisper_hotkey4tray5testss_31test_build_menu_model_selections1_0B7_
FNDA:0,_RNCNvNtNtCsk8CzJajUs6E_14whisper_hotkey4tray5testss_31test_build_menu_model_selections2_0B7_
FNDA:0,_RNCNvNtNtCsk8CzJajUs6E_14whisper_hotkey4tray5testss_31test_build_menu_model_selections_0B7_
FNDA:0,_RNCNvNtNtCsk8CzJajUs6E_14whisper_hotkey4tray5testss_32test_build_menu_hotkey_selection0B7_
FNDA:0,_RNCNvNtNtCsk8CzJajUs6E_14whisper_hotkey4tray5testss_32test_build_menu_hotkey_selections0_0B7_
FNDA:0,_RNCNvNtNtCsk8CzJajUs6E_14whisper_hotkey4tray5testss_32test_build_menu_hotkey_selections1_0B7_
FNDA:0,_RNCNvNtNtCsk8CzJajUs6E_14whisper_hotkey4tray5testss_32test_build_menu_hotkey_selections2_0B7_
FNDA:0,_RNCNvNtNtCsk8CzJajUs6E_14whisper_hotkey4tray5testss_32test_build_menu_hotkey_selections_0B7_
FNDA:0,_RNCNvNtNtCsk8CzJajUs6E_14whisper_hotkey4tray5testss_33test_build_menu_threads_selection0B7_
FNDA:0,_RNCNvNtNtCsk8CzJajUs6E_14whisper_hotkey4tray5testss_33test_build_menu_threads_selections0_0B7_
FNDA:0,_RNCNvNtNtCsk8CzJajUs6E_14whisper_hotkey4tray5testss_33test_build_menu_threads_selections1_0B7_
FNDA:0,_RNCNvNtNtCsk8CzJajUs6E_14whisper_hotkey4tray5testss_33test_build_menu_threads_selections2_0B7_
FNDA:0,_RNCNvNtNtCsk8CzJajUs6E_14whisper_hotkey4tray5testss_33test_build_menu_threads_selections3_0B7_
FNDA:0,_RNCNvNtNtCsk8CzJajUs6E_14whisper_hotkey4tray5testss_33test_build_menu_threads_selections_0B7_
FNDA:0,_RNCNvNtNtCsk8CzJajUs6E_14whisper_hotkey4tray5testss_34test_build_menu_language_selection0B7_
FNDA:0,_RNCNvNtNtCsk8CzJajUs6E_14whisper_hotkey4tray5testss_34test_build_menu_language_selections0_0B7_
FNDA:0,_RNCNvNtNtCsk8CzJajUs6E_14whisper_hotkey4tray5testss_34test_build_menu_language_selections1_0B7_
FNDA:0,_RNCNvNtNtCsk8CzJajUs6E_14whisper_hotkey4tray5testss_34test_build_menu_language_selections2_0B7_
FNDA:0,_RNCNvNtNtCsk8CzJajUs6E_14whisper_hotkey4tray5testss_34test_build_menu_language_selections3_0B7_
FNDA:0,_RNCNvNtNtCsk8CzJajUs6E_14whisper_hotkey4tray5testss_34test_build_menu_language_selections4_0B7_
FNDA:0,_RNCNvNtNtCsk8CzJajUs6E_14whisper_hotkey4tray5testss_34test_build_menu_language_selections5_0B7_
FNDA:0,_RNCNvNtNtCsk8CzJajUs6E_14whisper_hotkey4tray5testss_34test_build_menu_language_selections_0B7_
FNDA:0,_RNCNvNtNtCsk8CzJajUs6E_14whisper_hotkey4tray5testss_35test_build_menu_beam_size_selection0B7_
FNDA:0,_RNCNvNtNtCsk8CzJajUs6E_14whisper_hotkey4tray5testss_35test_build_menu_beam_size_selections0_0B7_
FNDA:0,_RNCNvNtNtCsk8CzJajUs6E_14whisper_hotkey4tray5testss_35test_build_menu_beam_size_selections1_0B7_
FNDA:0,_RNCNvNtNtCsk8CzJajUs6E_14whisper_hotkey4tray5testss_35test_build_menu_beam_size_selections2_0B7_
FNDA:0,_RNCNvNtNtCsk8CzJajUs6E_14whisper_hotkey4tray5testss_35test_build_menu_beam_size_selections3_0B7_
FNDA:0,_RNCNvNtNtCsk8CzJajUs6E_14whisper_hotkey4tray5testss_35test_build_menu_beam_size_selections_0B7_
FNDA:0,_RNCNvNtNtCsk8CzJajUs6E_14whisper_hotkey4tray5testss_37test_build_menu_buffer_size_selection0B7_
FNDA:0,_RNCNvNtNtCsk8CzJajUs6E_14whisper_hotkey4tray5testss_37test_build_menu_buffer_size_selections0_0B7_
FNDA:0,_RNCNvNtNtCsk8CzJajUs6E_14whisper_hotkey4tray5testss_37test_build_menu_buffer_size_selections1_0B7_
FNDA:0,_RNCNvNtNtCsk8CzJajUs6E_14whisper_hotkey4tray5testss_37test_build_menu_buffer_size_selections2_0B7_
FNDA:0,_RNCNvNtNtCsk8CzJajUs6E_14whisper_hotkey4tray5testss_37test_build_menu_buffer_size_selections_0B7_
FNDA:0,_RNCNvNtNtCsk8CzJajUs6E_14whisper_hotkey4tray5testss_38test_build_menu_preload_toggle_checked0B7_
FNDA:0,_RNCNvNtNtCsk8CzJajUs6E_14whisper_hotkey4tray5testss_42test_build_menu_telemetry_toggle_unchecked0B7_
FNDA:0,_RNvMNtCs5geUDWTBgK1_14whisper_hotkey4trayNtB2_11TrayManager10build_menu
FNDA:0,_RNvMNtCs5geUDWTBgK1_14whisper_hotkey4trayNtB2_11TrayManager10build_tray
FNDA:0,_RNvMNtCs5geUDWTBgK1_14whisper_hotkey4trayNtB2_11TrayManager11poll_events
FNDA:0,_RNvMNtCs5geUDWTBgK1_14whisper_hotkey4trayNtB2_11TrayManager11update_menu
FNDA:0,_RNvMNtCs5geUDWTBgK1_14whisper_hotkey4trayNtB2_11TrayManager15get_status_text
FNDA:0,_RNvMNtCs5geUDWTBgK1_14whisper_hotkey4trayNtB2_11TrayManager16parse_menu_event
FNDA:0,_RNvMNtCs5geUDWTBgK1_14whisper_hotkey4trayNtB2_11TrayManager18is_hotkey_selected
FNDA:0,_RNvMNtCs5geUDWTBgK1_14whisper_hotkey4trayNtB2_11TrayManager21format_hotkey_display
FNDA:0,_RNvMNtCs5geUDWTBgK1_14whisper_hotkey4trayNtB2_11TrayManager21update_icon_if_needed
FNDA:0,_RNvMNtCs5geUDWTBgK1_14whisper_hotkey4trayNtB2_11TrayManager27format_label_with_checkmark
FNDA:0,_RNvMNtCs5geUDWTBgK1_14whisper_hotkey4trayNtB2_11TrayManager3new
FNDA:0,_RNvMNtCs5geUDWTBgK1_14whisper_hotkey4trayNtB2_11TrayManager9load_icon
FNDA:0,_RNCNvMNtCs5geUDWTBgK1_14whisper_hotkey4trayNtB4_11TrayManager10build_tray0B6_
FNDA:0,_RNCNvMNtCs5geUDWTBgK1_14whisper_hotkey4trayNtB4_11TrayManager11update_menu0B6_
FNDA:0,_RNCNvMNtCs5geUDWTBgK1_14whisper_hotkey4trayNtB4_11TrayManager15get_status_text0B6_
FNDA:0,_RNCNvMNtCs5geUDWTBgK1_14whisper_hotkey4trayNtB4_11TrayManager21update_icon_if_needed0B6_
FNDA:0,_RNCNvMNtCs5geUDWTBgK1_14whisper_hotkey4trayNtB4_11TrayManager9load_icon0B6_
FNDA:0,_RNCNvMNtCs5geUDWTBgK1_14whisper_hotkey4trayNtB4_11TrayManager9load_icons0_0B6_
FNDA:0,_RNCNvMNtCs5geUDWTBgK1_14whisper_hotkey4trayNtB4_11TrayManager9load_icons1_0B6_
FNDA:0,_RNCNvMNtCs5geUDWTBgK1_14whisper_hotkey4trayNtB4_11TrayManager9load_icons2_0B6_
FNDA:0,_RNCNvMNtCs5geUDWTBgK1_14whisper_hotkey4trayNtB4_11TrayManager9load_icons3_0B6_
FNDA:0,_RNCNvMNtCs5geUDWTBgK1_14whisper_hotkey4trayNtB4_11TrayManager9load_icons_0B6_
FNF:115
FNH:49
DA:32,0
DA:34,0
DA:35,0
DA:36,0
DA:37,0
DA:39,0
DA:41,0
DA:42,0
DA:43,0
DA:44,0
DA:45,0
DA:46,0
DA:47,0
DA:49,1
DA:50,1
DA:51,1
DA:52,1
DA:53,1
DA:54,1
DA:55,1
DA:56,1
DA:57,0
DA:58,0
DA:60,0
DA:61,0
DA:62,0
DA:63,0
DA:64,0
DA:65,0
DA:66,1
DA:68,3
DA:70,3
DA:71,1
DA:72,1
DA:73,1
DA:79,3
DA:80,3
DA:81,3
DA:82,3
DA:83,3
DA:84,3
DA:85,3
DA:87,3
DA:88,3
DA:92,3
DA:94,3
DA:96,3
DA:97,3
DA:98,0
DA:99,0
DA:100,0
DA:102,0
DA:103,3
DA:105,3
DA:106,3
DA:107,3
DA:109,3
DA:110,3
DA:113,0
DA:114,0
DA:115,0
DA:116,0
DA:117,0
DA:118,0
DA:119,0
DA:120,0
DA:126,0
DA:127,0
DA:129,0
DA:130,0
DA:131,0
DA:132,0
DA:133,0
DA:135,4
DA:136,4
DA:137,1
DA:138,1
DA:139,1
DA:140,3
DA:141,4
DA:143,3
DA:144,3
DA:145,3
DA:147,2
DA:148,2
DA:149,2
DA:150,2
DA:151,2
DA:153,2
DA:154,2
DA:155,1
DA:157,1
DA:159,2
DA:161,0
DA:162,0
DA:165,0
DA:166,0
DA:167,0
DA:168,0
DA:169,0
DA:170,0
DA:173,0
DA:176,0
DA:177,0
DA:178,0
DA:179,0
DA:180,0
DA:183,0
DA:184,0
DA:185,0
DA:186,0
DA:187,0
DA:188,0
DA:189,0
DA:192,0
DA:193,0
DA:196,0
DA:197,0
DA:199,0
DA:200,0
DA:201,0
DA:202,0
DA:203,0
DA:204,0
DA:205,0
DA:208,0
DA:209,0
DA:212,0
DA:215,0
DA:216,0
DA:217,0
DA:218,0
DA:219,0
DA:220,0
DA:221,0
DA:222,0
DA:223,0
DA:225,0
DA:226,0
DA:227,0
DA:230,0
DA:231,0
DA:232,0
DA:233,0
DA:234,0
DA:235,0
DA:236,0
DA:237,0
DA:238,0
DA:240,0
DA:241,0
DA:242,0
DA:244,0
DA:245,0
DA:248,0
DA:249,0
DA:250,0
DA:251,0
DA:252,0
DA:253,0
DA:254,0
DA:255,0
DA:258,0
DA:259,0
DA:260,0
DA:261,0
DA:262,0
DA:263,0
DA:264,0
DA:267,0
DA:268,0
DA:271,0
DA:272,0
DA:273,0
DA:274,0
DA:275,0
DA:276,0
DA:277,0
DA:278,0
DA:279,0
DA:282,0
DA:283,0
DA:286,0
DA:287,0
DA:289,0
DA:290,0
DA:291,0
DA:293,0
DA:294,0
DA:295,0
DA:298,0
DA:299,0
DA:301,0
DA:302,0
DA:303,0
DA:305,0
DA:306,0
DA:308,0
DA:309,0
DA:311,0
DA:312,0
DA:313,0
DA:314,0
DA:315,0
DA:316,0
DA:317,0
DA:318,0
DA:319,0
DA:321,0
DA:324,0
DA:325,0
DA:326,0
DA:327,0
DA:328,0
DA:330,0
DA:331,0
DA:333,64
DA:335,64
DA:337,64
DA:339,64
DA:340,3
DA:341,3
DA:342,3
DA:343,61
DA:344,2
DA:345,2
DA:346,2
DA:347,59
DA:348,1
DA:349,1
DA:350,1
DA:351,58
DA:352,1
DA:353,1
DA:354,1
DA:357,57
DA:358,9
DA:359,9
DA:362,48
DA:363,46
DA:364,43
DA:365,42
DA:368,39
DA:369,37
DA:370,36
DA:371,33
DA:372,32
DA:375,29
DA:376,26
DA:377,23
DA:378,21
DA:379,20
DA:380,19
DA:383,18
DA:384,16
DA:385,14
DA:386,12
DA:389,9
DA:390,8
DA:391,7
DA:394,5
DA:396,64
DA:404,1
DA:405,1
DA:406,1
DA:407,1
DA:408,1
DA:409,1
DA:410,0
DA:412,1
DA:413,1
DA:414,1
DA:417,1
DA:418,1
DA:419,1
DA:420,1
DA:421,1
DA:422,0
DA:424,1
DA:425,1
DA:427,1
DA:428,1
DA:429,1
DA:432,1
DA:433,1
DA:434,1
DA:436,1
DA:437,1
DA:439,1
DA:440,1
DA:441,1
DA:444,1
DA:445,1
DA:446,1
DA:448,1
DA:449,1
DA:451,1
DA:452,1
DA:453,1
DA:456,1
DA:457,1
DA:458,1
DA:460,1
DA:461,1
DA:462,1
DA:463,0
DA:465,1
DA:466,1
DA:467,1
DA:468,0
DA:469,1
DA:472,1
DA:473,1
DA:474,1
DA:476,1
DA:477,1
DA:479,1
DA:480,1
DA:482,1
DA:483,1
DA:484,1
DA:487,1
DA:488,1
DA:489,1
DA:492,1
DA:495,1
DA:496,1
DA:497,1
DA:499,1
DA:500,1
DA:501,1
DA:505,1
DA:506,1
DA:507,1
DA:508,1
DA:510,1
DA:511,1
DA:512,1
DA:513,0
DA:514,1
DA:517,1
DA:518,1
DA:519,1
DA:520,1
DA:521,1
DA:524,1
DA:525,1
DA:526,1
DA:527,1
DA:530,1
DA:531,1
DA:532,1
DA:533,1
DA:536,1
DA:537,1
DA:538,1
DA:539,1
DA:542,1
DA:543,1
DA:544,1
DA:545,1
DA:546,1
DA:547,1
DA:548,1
DA:550,1
DA:551,1
DA:552,1
DA:553,1
DA:554,1
DA:556,1
DA:557,1
DA:558,1
DA:560,1
DA:561,1
DA:562,1
DA:564,1
DA:565,1
DA:566,1
DA:567,1
DA:571,1
DA:573,1
DA:574,1
DA:575,1
DA:577,1
DA:578,1
DA:579,1
DA:581,1
DA:582,1
DA:583,1
DA:585,1
DA:586,1
DA:587,1
DA:588,1
DA:589,1
DA:590,1
DA:591,0
DA:592,1
DA:594,1
DA:596,1
DA:597,1
DA:598,1
DA:599,1
DA:600,1
DA:601,1
DA:602,1
DA:603,1
DA:604,1
DA:605,1
DA:606,1
DA:607,1
DA:608,1
DA:609,1
DA:610,1
DA:611,1
DA:612,1
DA:613,1
DA:614,1
DA:615,1
DA:616,1
DA:617,1
DA:618,1
DA:622,0
DA:625,0
DA:626,0
DA:627,0
DA:628,0
DA:629,0
DA:631,0
DA:632,0
DA:633,0
DA:635,0
DA:636,0
DA:637,0
DA:641,0
DA:642,0
DA:643,0
DA:644,0
DA:645,0
DA:649,0
DA:650,0
DA:651,0
DA:652,0
DA:653,0
DA:657,0
DA:658,0
DA:659,0
DA:660,0
DA:661,0
DA:663,0
DA:666,1
DA:668,1
DA:669,1
DA:671,1
DA:672,1
DA:673,1
DA:674,0
DA:676,1
DA:680,0
DA:682,0
DA:685,0
DA:686,0
DA:687,0
DA:690,0
DA:691,0
DA:692,0
DA:693,0
DA:696,0
DA:697,0
DA:698,0
DA:699,0
DA:702,0
DA:703,0
DA:704,0
DA:707,0
DA:708,0
DA:709,0
DA:710,0
DA:711,0
DA:715,1
DA:716,1
DA:717,1
DA:718,1
DA:721,1
DA:722,1
DA:723,1
DA:724,1
DA:727,1
DA:728,1
DA:729,1
DA:730,1
DA:733,1
DA:734,1
DA:735,1
DA:736,1
DA:738,1
DA:740,1
DA:741,1
DA:742,1
DA:743,1
DA:744,1
DA:745,1
DA:746,1
DA:747,1
DA:748,1
DA:749,1
DA:750,1
DA:751,1
DA:752,1
DA:753,1
DA:754,1
DA:755,1
DA:756,1
DA:757,1
DA:758,1
DA:759,1
DA:760,1
DA:761,1
DA:762,1
DA:766,0
DA:767,0
DA:768,0
DA:771,0
DA:772,0
DA:773,0
DA:774,0
DA:775,0
DA:778,0
DA:779,0
DA:780,0
DA:781,0
DA:782,0
DA:783,0
DA:786,0
DA:787,0
DA:788,0
DA:789,0
DA:790,0
DA:791,0
DA:792,0
DA:793,0
DA:794,0
DA:795,0
DA:796,0
DA:797,0
DA:799,0
DA:803,0
DA:804,0
DA:805,0
DA:806,0
DA:809,0
DA:810,0
DA:811,0
DA:812,0
DA:813,0
DA:816,0
DA:817,0
DA:818,0
DA:819,0
DA:820,0
DA:821,0
DA:824,0
DA:825,0
DA:826,0
DA:827,0
DA:828,0
DA:829,0
DA:830,0
DA:832,0
DA:836,0
DA:837,0
DA:838,0
DA:839,0
DA:842,0
DA:843,0
DA:844,0
DA:845,0
DA:846,0
DA:849,0
DA:850,0
DA:851,0
DA:852,0
DA:853,0
DA:856,0
DA:857,0
DA:858,0
DA:859,0
DA:860,0
DA:861,0
DA:864,0
DA:865,0
DA:866,0
DA:867,0
DA:868,0
DA:869,0
DA:870,0
DA:871,0
DA:872,0
DA:873,0
DA:875,0
DA:879,0
DA:880,0
DA:881,0
DA:882,0
DA:885,0
DA:886,0
DA:887,0
DA:888,0
DA:889,0
DA:892,0
DA:893,0
DA:894,0
DA:895,0
DA:896,0
DA:899,0
DA:900,0
DA:901,0
DA:902,0
DA:903,0
DA:904,0
DA:907,0
DA:908,0
DA:909,0
DA:910,0
DA:911,0
DA:912,0
DA:913,0
DA:914,0
DA:915,0
DA:916,0
DA:918,0
DA:922,0
DA:924,0
DA:925,0
DA:926,0
DA:927,0
DA:928,0
DA:929,0
DA:930,0
DA:931,0
DA:932,0
DA:933,0
DA:934,0
DA:935,0
DA:936,0
DA:939,0
DA:940,0
DA:941,0
DA:942,0
DA:943,0
DA:944,0
DA:945,0
DA:946,0
DA:947,0
DA:948,0
DA:949,0
DA:950,0
DA:951,0
DA:952,0
DA:955,0
DA:956,0
DA:957,0
DA:958,0
DA:959,0
DA:960,0
DA:961,0
DA:962,0
DA:963,0
DA:964,0
DA:965,0
DA:966,0
DA:967,0
DA:968,0
DA:970,0
DA:974,0
DA:975,0
DA:976,0
DA:977,0
DA:980,0
DA:981,0
DA:982,0
DA:983,0
DA:984,0
DA:987,0
DA:988,0
DA:989,0
DA:990,0
DA:991,0
DA:992,0
DA:995,0
DA:996,0
DA:997,0
DA:998,0
DA:999,0
DA:1000,0
DA:1001,0
DA:1002,0
DA:1003,0
DA:1004,0
DA:1006,0
DA:1010,0
DA:1011,0
DA:1012,0
DA:1013,0
DA:1016,0
DA:1017,0
DA:1018,0
DA:1019,0
DA:1020,0
DA:1021,0
DA:1022,0
DA:1023,0
DA:1025,0
DA:1026,0
DA:1030,0
DA:1031,0
DA:1032,0
DA:1035,0
DA:1036,0
DA:1037,0
DA:1038,0
DA:1039,0
DA:1040,0
DA:1041,0
DA:1042,0
DA:1044,0
DA:1045,0
DA:1046,0
DA:1048,0
DA:1051,1
DA:1053,1
DA:1054,1
DA:1055,1
DA:1056,1
DA:1057,0
DA:1059,1
DA:1060,1
DA:1062,1
DA:1063,1
DA:1065,1
DA:1066,1
DA:1067,1
DA:1068,0
DA:1069,1
DA:1073,1
DA:1074,1
DA:1075,1
DA:1078,1
DA:1079,1
DA:1082,1
DA:1085,1
DA:1086,1
DA:1087,1
DA:1088,1
DA:1091,1
DA:1094,1
DA:1095,1
DA:1096,1
DA:1097,1
DA:1098,1
DA:1099,1
DA:1101,1
DA:1102,1
DA:1103,1
DA:1104,1
DA:1105,1
DA:1106,1
DA:1110,1
DA:1112,1
DA:1113,1
DA:1114,1
DA:1115,1
DA:1116,1
DA:1117,0
DA:1119,1
DA:1120,1
DA:1121,1
DA:1122,1
DA:1123,1
DA:1124,0
DA:1126,1
DA:1127,1
DA:1128,1
DA:1129,1
DA:1130,1
DA:1131,0
DA:1133,1
DA:1134,1
DA:1135,1
DA:1136,1
DA:1137,1
DA:1138,0
DA:1139,1
DA:1142,1
DA:1144,5
DA:1145,4
DA:1146,4
DA:1147,4
DA:1148,4
DA:1149,0
DA:1151,1
DA:1154,1
DA:1156,5
DA:1157,4
DA:1158,4
DA:1159,4
DA:1161,1
DA:1164,1
DA:1166,6
DA:1167,5
DA:1168,5
DA:1169,5
DA:1171,1
DA:1174,1
DA:1176,1
DA:1177,1
DA:1180,1
DA:1181,1
DA:1182,1
DA:1183,1
DA:1184,1
DA:1185,1
DA:1186,1
DA:1187,6
DA:1188,5
DA:1189,5
DA:1190,5
DA:1191,5
DA:1192,0
DA:1194,1
DA:1197,1
DA:1199,5
DA:1200,4
DA:1201,4
DA:1202,4
DA:1204,1
DA:1207,1
DA:1208,1
DA:1209,1
DA:1212,1
DA:1213,1
DA:1216,1
DA:1217,1
DA:1220,1
DA:1223,1
DA:1224,1
DA:1225,1
DA:1226,1
DA:1227,1
DA:1230,1
DA:1232,1
DA:1233,1
DA:1236,1
DA:1237,1
DA:1240,1
DA:1241,1
DA:1244,1
DA:1245,1
DA:1248,1
DA:1249,1
DA:1252,1
DA:1253,1
DA:1256,1
BRF:0
BRH:0
LF:921
LH:432
end_of_record